CRITICAL - 2021-12-28 12:28:14 --> Undefined variable $title
#0 C:\xampp\htdocs\webmusholla\app\Views\templates\index.php(12): CodeIgniter\Debug\Exceptions->errorHandler(2, 'Undefined varia...', 'C:\\xampp\\htdocs...', 12)
#1 C:\xampp\htdocs\webmusholla\vendor\codeigniter4\framework\system\View\View.php(214): include('C:\\xampp\\htdocs...')
#2 C:\xampp\htdocs\webmusholla\vendor\codeigniter4\framework\system\View\View.php(217): CodeIgniter\View\View->CodeIgniter\View\{closure}()
#3 C:\xampp\htdocs\webmusholla\vendor\codeigniter4\framework\system\View\View.php(230): CodeIgniter\View\View->render('templates/index', Array, true)
#4 C:\xampp\htdocs\webmusholla\vendor\codeigniter4\framework\system\Common.php(1097): CodeIgniter\View\View->render('user/index', Array, true)
#5 C:\xampp\htdocs\webmusholla\app\Controllers\User.php(9): view('user/index')
#6 C:\xampp\htdocs\webmusholla\vendor\codeigniter4\framework\system\CodeIgniter.php(824): App\Controllers\User->index()
#7 C:\xampp\htdocs\webmusholla\vendor\codeigniter4\framework\system\CodeIgniter.php(410): CodeIgniter\CodeIgniter->runController(Object(App\Controllers\User))
#8 C:\xampp\htdocs\webmusholla\vendor\codeigniter4\framework\system\CodeIgniter.php(318): CodeIgniter\CodeIgniter->handleRequest(NULL, Object(Config\Cache), false)
#9 C:\xampp\htdocs\webmusholla\public\index.php(37): CodeIgniter\CodeIgniter->run()
#10 C:\xampp\htdocs\webmusholla\vendor\codeigniter4\framework\system\Commands\Server\rewrite.php(43): require_once('C:\\xampp\\htdocs...')
#11 {main}
CRITICAL - 2021-12-28 12:30:34 --> Undefined variable $title
#0 C:\xampp\htdocs\webmusholla\app\Views\templates\index.php(12): CodeIgniter\Debug\Exceptions->errorHandler(2, 'Undefined varia...', 'C:\\xampp\\htdocs...', 12)
#1 C:\xampp\htdocs\webmusholla\vendor\codeigniter4\framework\system\View\View.php(214): include('C:\\xampp\\htdocs...')
#2 C:\xampp\htdocs\webmusholla\vendor\codeigniter4\framework\system\View\View.php(217): CodeIgniter\View\View->CodeIgniter\View\{closure}()
#3 C:\xampp\htdocs\webmusholla\vendor\codeigniter4\framework\system\View\View.php(230): CodeIgniter\View\View->render('templates/index', Array, true)
#4 C:\xampp\htdocs\webmusholla\vendor\codeigniter4\framework\system\Common.php(1097): CodeIgniter\View\View->render('user/index', Array, true)
#5 C:\xampp\htdocs\webmusholla\app\Controllers\User.php(9): view('user/index')
#6 C:\xampp\htdocs\webmusholla\vendor\codeigniter4\framework\system\CodeIgniter.php(824): App\Controllers\User->index()
#7 C:\xampp\htdocs\webmusholla\vendor\codeigniter4\framework\system\CodeIgniter.php(410): CodeIgniter\CodeIgniter->runController(Object(App\Controllers\User))
#8 C:\xampp\htdocs\webmusholla\vendor\codeigniter4\framework\system\CodeIgniter.php(318): CodeIgniter\CodeIgniter->handleRequest(NULL, Object(Config\Cache), false)
#9 C:\xampp\htdocs\webmusholla\public\index.php(37): CodeIgniter\CodeIgniter->run()
#10 C:\xampp\htdocs\webmusholla\vendor\codeigniter4\framework\system\Commands\Server\rewrite.php(43): require_once('C:\\xampp\\htdocs...')
#11 {main}
CRITICAL - 2021-12-28 12:30:37 --> Undefined variable $title
#0 C:\xampp\htdocs\webmusholla\app\Views\templates\index.php(12): CodeIgniter\Debug\Exceptions->errorHandler(2, 'Undefined varia...', 'C:\\xampp\\htdocs...', 12)
#1 C:\xampp\htdocs\webmusholla\vendor\codeigniter4\framework\system\View\View.php(214): include('C:\\xampp\\htdocs...')
#2 C:\xampp\htdocs\webmusholla\vendor\codeigniter4\framework\system\View\View.php(217): CodeIgniter\View\View->CodeIgniter\View\{closure}()
#3 C:\xampp\htdocs\webmusholla\vendor\codeigniter4\framework\system\View\View.php(230): CodeIgniter\View\View->render('templates/index', Array, true)
#4 C:\xampp\htdocs\webmusholla\vendor\codeigniter4\framework\system\Common.php(1097): CodeIgniter\View\View->render('user/index', Array, true)
#5 C:\xampp\htdocs\webmusholla\app\Controllers\User.php(9): view('user/index')
#6 C:\xampp\htdocs\webmusholla\vendor\codeigniter4\framework\system\CodeIgniter.php(824): App\Controllers\User->index()
#7 C:\xampp\htdocs\webmusholla\vendor\codeigniter4\framework\system\CodeIgniter.php(410): CodeIgniter\CodeIgniter->runController(Object(App\Controllers\User))
#8 C:\xampp\htdocs\webmusholla\vendor\codeigniter4\framework\system\CodeIgniter.php(318): CodeIgniter\CodeIgniter->handleRequest(NULL, Object(Config\Cache), false)
#9 C:\xampp\htdocs\webmusholla\public\index.php(37): CodeIgniter\CodeIgniter->run()
#10 C:\xampp\htdocs\webmusholla\vendor\codeigniter4\framework\system\Commands\Server\rewrite.php(43): require_once('C:\\xampp\\htdocs...')
#11 {main}
CRITICAL - 2021-12-28 12:30:42 --> Undefined variable $title
#0 C:\xampp\htdocs\webmusholla\app\Views\templates\index.php(12): CodeIgniter\Debug\Exceptions->errorHandler(2, 'Undefined varia...', 'C:\\xampp\\htdocs...', 12)
#1 C:\xampp\htdocs\webmusholla\vendor\codeigniter4\framework\system\View\View.php(214): include('C:\\xampp\\htdocs...')
#2 C:\xampp\htdocs\webmusholla\vendor\codeigniter4\framework\system\View\View.php(217): CodeIgniter\View\View->CodeIgniter\View\{closure}()
#3 C:\xampp\htdocs\webmusholla\vendor\codeigniter4\framework\system\View\View.php(230): CodeIgniter\View\View->render('templates/index', Array, true)
#4 C:\xampp\htdocs\webmusholla\vendor\codeigniter4\framework\system\Common.php(1097): CodeIgniter\View\View->render('user/index', Array, true)
#5 C:\xampp\htdocs\webmusholla\app\Controllers\User.php(9): view('user/index')
#6 C:\xampp\htdocs\webmusholla\vendor\codeigniter4\framework\system\CodeIgniter.php(824): App\Controllers\User->index()
#7 C:\xampp\htdocs\webmusholla\vendor\codeigniter4\framework\system\CodeIgniter.php(410): CodeIgniter\CodeIgniter->runController(Object(App\Controllers\User))
#8 C:\xampp\htdocs\webmusholla\vendor\codeigniter4\framework\system\CodeIgniter.php(318): CodeIgniter\CodeIgniter->handleRequest(NULL, Object(Config\Cache), false)
#9 C:\xampp\htdocs\webmusholla\public\index.php(37): CodeIgniter\CodeIgniter->run()
#10 C:\xampp\htdocs\webmusholla\vendor\codeigniter4\framework\system\Commands\Server\rewrite.php(43): require_once('C:\\xampp\\htdocs...')
#11 {main}
CRITICAL - 2021-12-28 12:31:16 --> Undefined variable $title
#0 C:\xampp\htdocs\webmusholla\app\Views\templates\index.php(12): CodeIgniter\Debug\Exceptions->errorHandler(2, 'Undefined varia...', 'C:\\xampp\\htdocs...', 12)
#1 C:\xampp\htdocs\webmusholla\vendor\codeigniter4\framework\system\View\View.php(214): include('C:\\xampp\\htdocs...')
#2 C:\xampp\htdocs\webmusholla\vendor\codeigniter4\framework\system\View\View.php(217): CodeIgniter\View\View->CodeIgniter\View\{closure}()
#3 C:\xampp\htdocs\webmusholla\vendor\codeigniter4\framework\system\View\View.php(230): CodeIgniter\View\View->render('templates/index', Array, true)
#4 C:\xampp\htdocs\webmusholla\vendor\codeigniter4\framework\system\Common.php(1097): CodeIgniter\View\View->render('user/index', Array, true)
#5 C:\xampp\htdocs\webmusholla\app\Controllers\User.php(9): view('user/index')
#6 C:\xampp\htdocs\webmusholla\vendor\codeigniter4\framework\system\CodeIgniter.php(824): App\Controllers\User->index()
#7 C:\xampp\htdocs\webmusholla\vendor\codeigniter4\framework\system\CodeIgniter.php(410): CodeIgniter\CodeIgniter->runController(Object(App\Controllers\User))
#8 C:\xampp\htdocs\webmusholla\vendor\codeigniter4\framework\system\CodeIgniter.php(318): CodeIgniter\CodeIgniter->handleRequest(NULL, Object(Config\Cache), false)
#9 C:\xampp\htdocs\webmusholla\public\index.php(37): CodeIgniter\CodeIgniter->run()
#10 C:\xampp\htdocs\webmusholla\vendor\codeigniter4\framework\system\Commands\Server\rewrite.php(43): require_once('C:\\xampp\\htdocs...')
#11 {main}
CRITICAL - 2021-12-28 12:31:21 --> Undefined variable $title
#0 C:\xampp\htdocs\webmusholla\app\Views\templates\index.php(12): CodeIgniter\Debug\Exceptions->errorHandler(2, 'Undefined varia...', 'C:\\xampp\\htdocs...', 12)
#1 C:\xampp\htdocs\webmusholla\vendor\codeigniter4\framework\system\View\View.php(214): include('C:\\xampp\\htdocs...')
#2 C:\xampp\htdocs\webmusholla\vendor\codeigniter4\framework\system\View\View.php(217): CodeIgniter\View\View->CodeIgniter\View\{closure}()
#3 C:\xampp\htdocs\webmusholla\vendor\codeigniter4\framework\system\View\View.php(230): CodeIgniter\View\View->render('templates/index', Array, true)
#4 C:\xampp\htdocs\webmusholla\vendor\codeigniter4\framework\system\Common.php(1097): CodeIgniter\View\View->render('user/index', Array, true)
#5 C:\xampp\htdocs\webmusholla\app\Controllers\User.php(9): view('user/index')
#6 C:\xampp\htdocs\webmusholla\vendor\codeigniter4\framework\system\CodeIgniter.php(824): App\Controllers\User->index()
#7 C:\xampp\htdocs\webmusholla\vendor\codeigniter4\framework\system\CodeIgniter.php(410): CodeIgniter\CodeIgniter->runController(Object(App\Controllers\User))
#8 C:\xampp\htdocs\webmusholla\vendor\codeigniter4\framework\system\CodeIgniter.php(318): CodeIgniter\CodeIgniter->handleRequest(NULL, Object(Config\Cache), false)
#9 C:\xampp\htdocs\webmusholla\public\index.php(37): CodeIgniter\CodeIgniter->run()
#10 C:\xampp\htdocs\webmusholla\vendor\codeigniter4\framework\system\Commands\Server\rewrite.php(43): require_once('C:\\xampp\\htdocs...')
#11 {main}
CRITICAL - 2021-12-28 12:32:07 --> Undefined variable $title
#0 C:\xampp\htdocs\webmusholla\app\Views\templates\index.php(12): CodeIgniter\Debug\Exceptions->errorHandler(2, 'Undefined varia...', 'C:\\xampp\\htdocs...', 12)
#1 C:\xampp\htdocs\webmusholla\vendor\codeigniter4\framework\system\View\View.php(214): include('C:\\xampp\\htdocs...')
#2 C:\xampp\htdocs\webmusholla\vendor\codeigniter4\framework\system\View\View.php(217): CodeIgniter\View\View->CodeIgniter\View\{closure}()
#3 C:\xampp\htdocs\webmusholla\vendor\codeigniter4\framework\system\View\View.php(230): CodeIgniter\View\View->render('templates/index', Array, true)
#4 C:\xampp\htdocs\webmusholla\vendor\codeigniter4\framework\system\Common.php(1097): CodeIgniter\View\View->render('user/index', Array, true)
#5 C:\xampp\htdocs\webmusholla\app\Controllers\User.php(9): view('user/index')
#6 C:\xampp\htdocs\webmusholla\vendor\codeigniter4\framework\system\CodeIgniter.php(824): App\Controllers\User->index()
#7 C:\xampp\htdocs\webmusholla\vendor\codeigniter4\framework\system\CodeIgniter.php(410): CodeIgniter\CodeIgniter->runController(Object(App\Controllers\User))
#8 C:\xampp\htdocs\webmusholla\vendor\codeigniter4\framework\system\CodeIgniter.php(318): CodeIgniter\CodeIgniter->handleRequest(NULL, Object(Config\Cache), false)
#9 C:\xampp\htdocs\webmusholla\public\index.php(37): CodeIgniter\CodeIgniter->run()
#10 C:\xampp\htdocs\webmusholla\vendor\codeigniter4\framework\system\Commands\Server\rewrite.php(43): require_once('C:\\xampp\\htdocs...')
#11 {main}
CRITICAL - 2021-12-28 12:32:08 --> Undefined variable $title
#0 C:\xampp\htdocs\webmusholla\app\Views\templates\index.php(12): CodeIgniter\Debug\Exceptions->errorHandler(2, 'Undefined varia...', 'C:\\xampp\\htdocs...', 12)
#1 C:\xampp\htdocs\webmusholla\vendor\codeigniter4\framework\system\View\View.php(214): include('C:\\xampp\\htdocs...')
#2 C:\xampp\htdocs\webmusholla\vendor\codeigniter4\framework\system\View\View.php(217): CodeIgniter\View\View->CodeIgniter\View\{closure}()
#3 C:\xampp\htdocs\webmusholla\vendor\codeigniter4\framework\system\View\View.php(230): CodeIgniter\View\View->render('templates/index', Array, true)
#4 C:\xampp\htdocs\webmusholla\vendor\codeigniter4\framework\system\Common.php(1097): CodeIgniter\View\View->render('user/index', Array, true)
#5 C:\xampp\htdocs\webmusholla\app\Controllers\User.php(9): view('user/index')
#6 C:\xampp\htdocs\webmusholla\vendor\codeigniter4\framework\system\CodeIgniter.php(824): App\Controllers\User->index()
#7 C:\xampp\htdocs\webmusholla\vendor\codeigniter4\framework\system\CodeIgniter.php(410): CodeIgniter\CodeIgniter->runController(Object(App\Controllers\User))
#8 C:\xampp\htdocs\webmusholla\vendor\codeigniter4\framework\system\CodeIgniter.php(318): CodeIgniter\CodeIgniter->handleRequest(NULL, Object(Config\Cache), false)
#9 C:\xampp\htdocs\webmusholla\public\index.php(37): CodeIgniter\CodeIgniter->run()
#10 C:\xampp\htdocs\webmusholla\vendor\codeigniter4\framework\system\Commands\Server\rewrite.php(43): require_once('C:\\xampp\\htdocs...')
#11 {main}
CRITICAL - 2021-12-28 12:34:21 --> Undefined variable $title
#0 C:\xampp\htdocs\webmusholla\app\Views\templates\index.php(12): CodeIgniter\Debug\Exceptions->errorHandler(2, 'Undefined varia...', 'C:\\xampp\\htdocs...', 12)
#1 C:\xampp\htdocs\webmusholla\vendor\codeigniter4\framework\system\View\View.php(214): include('C:\\xampp\\htdocs...')
#2 C:\xampp\htdocs\webmusholla\vendor\codeigniter4\framework\system\View\View.php(217): CodeIgniter\View\View->CodeIgniter\View\{closure}()
#3 C:\xampp\htdocs\webmusholla\vendor\codeigniter4\framework\system\View\View.php(230): CodeIgniter\View\View->render('templates/index', Array, true)
#4 C:\xampp\htdocs\webmusholla\vendor\codeigniter4\framework\system\Common.php(1097): CodeIgniter\View\View->render('user/index', Array, true)
#5 C:\xampp\htdocs\webmusholla\app\Controllers\User.php(9): view('user/index')
#6 C:\xampp\htdocs\webmusholla\vendor\codeigniter4\framework\system\CodeIgniter.php(824): App\Controllers\User->index()
#7 C:\xampp\htdocs\webmusholla\vendor\codeigniter4\framework\system\CodeIgniter.php(410): CodeIgniter\CodeIgniter->runController(Object(App\Controllers\User))
#8 C:\xampp\htdocs\webmusholla\vendor\codeigniter4\framework\system\CodeIgniter.php(318): CodeIgniter\CodeIgniter->handleRequest(NULL, Object(Config\Cache), false)
#9 C:\xampp\htdocs\webmusholla\public\index.php(37): CodeIgniter\CodeIgniter->run()
#10 C:\xampp\htdocs\webmusholla\vendor\codeigniter4\framework\system\Commands\Server\rewrite.php(43): require_once('C:\\xampp\\htdocs...')
#11 {main}
CRITICAL - 2021-12-28 12:34:22 --> Undefined variable $title
#0 C:\xampp\htdocs\webmusholla\app\Views\templates\index.php(12): CodeIgniter\Debug\Exceptions->errorHandler(2, 'Undefined varia...', 'C:\\xampp\\htdocs...', 12)
#1 C:\xampp\htdocs\webmusholla\vendor\codeigniter4\framework\system\View\View.php(214): include('C:\\xampp\\htdocs...')
#2 C:\xampp\htdocs\webmusholla\vendor\codeigniter4\framework\system\View\View.php(217): CodeIgniter\View\View->CodeIgniter\View\{closure}()
#3 C:\xampp\htdocs\webmusholla\vendor\codeigniter4\framework\system\View\View.php(230): CodeIgniter\View\View->render('templates/index', Array, true)
#4 C:\xampp\htdocs\webmusholla\vendor\codeigniter4\framework\system\Common.php(1097): CodeIgniter\View\View->render('user/index', Array, true)
#5 C:\xampp\htdocs\webmusholla\app\Controllers\User.php(9): view('user/index')
#6 C:\xampp\htdocs\webmusholla\vendor\codeigniter4\framework\system\CodeIgniter.php(824): App\Controllers\User->index()
#7 C:\xampp\htdocs\webmusholla\vendor\codeigniter4\framework\system\CodeIgniter.php(410): CodeIgniter\CodeIgniter->runController(Object(App\Controllers\User))
#8 C:\xampp\htdocs\webmusholla\vendor\codeigniter4\framework\system\CodeIgniter.php(318): CodeIgniter\CodeIgniter->handleRequest(NULL, Object(Config\Cache), false)
#9 C:\xampp\htdocs\webmusholla\public\index.php(37): CodeIgniter\CodeIgniter->run()
#10 C:\xampp\htdocs\webmusholla\vendor\codeigniter4\framework\system\Commands\Server\rewrite.php(43): require_once('C:\\xampp\\htdocs...')
#11 {main}
CRITICAL - 2021-12-28 12:37:36 --> Undefined variable $title
#0 C:\xampp\htdocs\webmusholla\app\Views\templates\index.php(13): CodeIgniter\Debug\Exceptions->errorHandler(2, 'Undefined varia...', 'C:\\xampp\\htdocs...', 13)
#1 C:\xampp\htdocs\webmusholla\vendor\codeigniter4\framework\system\View\View.php(214): include('C:\\xampp\\htdocs...')
#2 C:\xampp\htdocs\webmusholla\vendor\codeigniter4\framework\system\View\View.php(217): CodeIgniter\View\View->CodeIgniter\View\{closure}()
#3 C:\xampp\htdocs\webmusholla\vendor\codeigniter4\framework\system\View\View.php(230): CodeIgniter\View\View->render('templates/index', Array, true)
#4 C:\xampp\htdocs\webmusholla\vendor\codeigniter4\framework\system\Common.php(1097): CodeIgniter\View\View->render('user/index', Array, true)
#5 C:\xampp\htdocs\webmusholla\app\Controllers\User.php(9): view('user/index')
#6 C:\xampp\htdocs\webmusholla\vendor\codeigniter4\framework\system\CodeIgniter.php(824): App\Controllers\User->index()
#7 C:\xampp\htdocs\webmusholla\vendor\codeigniter4\framework\system\CodeIgniter.php(410): CodeIgniter\CodeIgniter->runController(Object(App\Controllers\User))
#8 C:\xampp\htdocs\webmusholla\vendor\codeigniter4\framework\system\CodeIgniter.php(318): CodeIgniter\CodeIgniter->handleRequest(NULL, Object(Config\Cache), false)
#9 C:\xampp\htdocs\webmusholla\public\index.php(37): CodeIgniter\CodeIgniter->run()
#10 C:\xampp\htdocs\webmusholla\vendor\codeigniter4\framework\system\Commands\Server\rewrite.php(43): require_once('C:\\xampp\\htdocs...')
#11 {main}
CRITICAL - 2021-12-28 12:37:47 --> Undefined variable $title
#0 C:\xampp\htdocs\webmusholla\app\Views\templates\index.php(13): CodeIgniter\Debug\Exceptions->errorHandler(2, 'Undefined varia...', 'C:\\xampp\\htdocs...', 13)
#1 C:\xampp\htdocs\webmusholla\vendor\codeigniter4\framework\system\View\View.php(214): include('C:\\xampp\\htdocs...')
#2 C:\xampp\htdocs\webmusholla\vendor\codeigniter4\framework\system\View\View.php(217): CodeIgniter\View\View->CodeIgniter\View\{closure}()
#3 C:\xampp\htdocs\webmusholla\vendor\codeigniter4\framework\system\View\View.php(230): CodeIgniter\View\View->render('templates/index', Array, true)
#4 C:\xampp\htdocs\webmusholla\vendor\codeigniter4\framework\system\Common.php(1097): CodeIgniter\View\View->render('user/index', Array, true)
#5 C:\xampp\htdocs\webmusholla\app\Controllers\User.php(9): view('user/index')
#6 C:\xampp\htdocs\webmusholla\vendor\codeigniter4\framework\system\CodeIgniter.php(824): App\Controllers\User->index()
#7 C:\xampp\htdocs\webmusholla\vendor\codeigniter4\framework\system\CodeIgniter.php(410): CodeIgniter\CodeIgniter->runController(Object(App\Controllers\User))
#8 C:\xampp\htdocs\webmusholla\vendor\codeigniter4\framework\system\CodeIgniter.php(318): CodeIgniter\CodeIgniter->handleRequest(NULL, Object(Config\Cache), false)
#9 C:\xampp\htdocs\webmusholla\public\index.php(37): CodeIgniter\CodeIgniter->run()
#10 C:\xampp\htdocs\webmusholla\vendor\codeigniter4\framework\system\Commands\Server\rewrite.php(43): require_once('C:\\xampp\\htdocs...')
#11 {main}
CRITICAL - 2021-12-28 12:38:13 --> Undefined variable $title
#0 C:\xampp\htdocs\webmusholla\app\Views\templates\index.php(13): CodeIgniter\Debug\Exceptions->errorHandler(2, 'Undefined varia...', 'C:\\xampp\\htdocs...', 13)
#1 C:\xampp\htdocs\webmusholla\vendor\codeigniter4\framework\system\View\View.php(214): include('C:\\xampp\\htdocs...')
#2 C:\xampp\htdocs\webmusholla\vendor\codeigniter4\framework\system\View\View.php(217): CodeIgniter\View\View->CodeIgniter\View\{closure}()
#3 C:\xampp\htdocs\webmusholla\vendor\codeigniter4\framework\system\View\View.php(230): CodeIgniter\View\View->render('templates/index', Array, true)
#4 C:\xampp\htdocs\webmusholla\vendor\codeigniter4\framework\system\Common.php(1097): CodeIgniter\View\View->render('user/index', Array, true)
#5 C:\xampp\htdocs\webmusholla\app\Controllers\User.php(9): view('user/index')
#6 C:\xampp\htdocs\webmusholla\vendor\codeigniter4\framework\system\CodeIgniter.php(824): App\Controllers\User->index()
#7 C:\xampp\htdocs\webmusholla\vendor\codeigniter4\framework\system\CodeIgniter.php(410): CodeIgniter\CodeIgniter->runController(Object(App\Controllers\User))
#8 C:\xampp\htdocs\webmusholla\vendor\codeigniter4\framework\system\CodeIgniter.php(318): CodeIgniter\CodeIgniter->handleRequest(NULL, Object(Config\Cache), false)
#9 C:\xampp\htdocs\webmusholla\public\index.php(37): CodeIgniter\CodeIgniter->run()
#10 C:\xampp\htdocs\webmusholla\vendor\codeigniter4\framework\system\Commands\Server\rewrite.php(43): require_once('C:\\xampp\\htdocs...')
#11 {main}
CRITICAL - 2021-12-28 12:38:57 --> Undefined variable $title
#0 C:\xampp\htdocs\webmusholla\app\Views\user\index.php(7): CodeIgniter\Debug\Exceptions->errorHandler(2, 'Undefined varia...', 'C:\\xampp\\htdocs...', 7)
#1 C:\xampp\htdocs\webmusholla\vendor\codeigniter4\framework\system\View\View.php(214): include('C:\\xampp\\htdocs...')
#2 C:\xampp\htdocs\webmusholla\vendor\codeigniter4\framework\system\View\View.php(217): CodeIgniter\View\View->CodeIgniter\View\{closure}()
#3 C:\xampp\htdocs\webmusholla\vendor\codeigniter4\framework\system\Common.php(1097): CodeIgniter\View\View->render('user/index', Array, true)
#4 C:\xampp\htdocs\webmusholla\app\Controllers\User.php(9): view('user/index')
#5 C:\xampp\htdocs\webmusholla\vendor\codeigniter4\framework\system\CodeIgniter.php(824): App\Controllers\User->index()
#6 C:\xampp\htdocs\webmusholla\vendor\codeigniter4\framework\system\CodeIgniter.php(410): CodeIgniter\CodeIgniter->runController(Object(App\Controllers\User))
#7 C:\xampp\htdocs\webmusholla\vendor\codeigniter4\framework\system\CodeIgniter.php(318): CodeIgniter\CodeIgniter->handleRequest(NULL, Object(Config\Cache), false)
#8 C:\xampp\htdocs\webmusholla\public\index.php(37): CodeIgniter\CodeIgniter->run()
#9 C:\xampp\htdocs\webmusholla\vendor\codeigniter4\framework\system\Commands\Server\rewrite.php(43): require_once('C:\\xampp\\htdocs...')
#10 {main}
CRITICAL - 2021-12-28 12:39:19 --> Undefined variable $title
#0 C:\xampp\htdocs\webmusholla\app\Views\user\index.php(7): CodeIgniter\Debug\Exceptions->errorHandler(2, 'Undefined varia...', 'C:\\xampp\\htdocs...', 7)
#1 C:\xampp\htdocs\webmusholla\vendor\codeigniter4\framework\system\View\View.php(214): include('C:\\xampp\\htdocs...')
#2 C:\xampp\htdocs\webmusholla\vendor\codeigniter4\framework\system\View\View.php(217): CodeIgniter\View\View->CodeIgniter\View\{closure}()
#3 C:\xampp\htdocs\webmusholla\vendor\codeigniter4\framework\system\Common.php(1097): CodeIgniter\View\View->render('user/index', Array, true)
#4 C:\xampp\htdocs\webmusholla\app\Controllers\User.php(9): view('user/index')
#5 C:\xampp\htdocs\webmusholla\vendor\codeigniter4\framework\system\CodeIgniter.php(824): App\Controllers\User->index()
#6 C:\xampp\htdocs\webmusholla\vendor\codeigniter4\framework\system\CodeIgniter.php(410): CodeIgniter\CodeIgniter->runController(Object(App\Controllers\User))
#7 C:\xampp\htdocs\webmusholla\vendor\codeigniter4\framework\system\CodeIgniter.php(318): CodeIgniter\CodeIgniter->handleRequest(NULL, Object(Config\Cache), false)
#8 C:\xampp\htdocs\webmusholla\public\index.php(37): CodeIgniter\CodeIgniter->run()
#9 C:\xampp\htdocs\webmusholla\vendor\codeigniter4\framework\system\Commands\Server\rewrite.php(43): require_once('C:\\xampp\\htdocs...')
#10 {main}
CRITICAL - 2021-12-28 12:40:05 --> Undefined variable $title
#0 C:\xampp\htdocs\webmusholla\app\Views\user\index.php(7): CodeIgniter\Debug\Exceptions->errorHandler(2, 'Undefined varia...', 'C:\\xampp\\htdocs...', 7)
#1 C:\xampp\htdocs\webmusholla\vendor\codeigniter4\framework\system\View\View.php(214): include('C:\\xampp\\htdocs...')
#2 C:\xampp\htdocs\webmusholla\vendor\codeigniter4\framework\system\View\View.php(217): CodeIgniter\View\View->CodeIgniter\View\{closure}()
#3 C:\xampp\htdocs\webmusholla\vendor\codeigniter4\framework\system\Common.php(1097): CodeIgniter\View\View->render('user/index', Array, true)
#4 C:\xampp\htdocs\webmusholla\app\Controllers\User.php(9): view('user/index')
#5 C:\xampp\htdocs\webmusholla\vendor\codeigniter4\framework\system\CodeIgniter.php(824): App\Controllers\User->index()
#6 C:\xampp\htdocs\webmusholla\vendor\codeigniter4\framework\system\CodeIgniter.php(410): CodeIgniter\CodeIgniter->runController(Object(App\Controllers\User))
#7 C:\xampp\htdocs\webmusholla\vendor\codeigniter4\framework\system\CodeIgniter.php(318): CodeIgniter\CodeIgniter->handleRequest(NULL, Object(Config\Cache), false)
#8 C:\xampp\htdocs\webmusholla\public\index.php(37): CodeIgniter\CodeIgniter->run()
#9 C:\xampp\htdocs\webmusholla\vendor\codeigniter4\framework\system\Commands\Server\rewrite.php(43): require_once('C:\\xampp\\htdocs...')
#10 {main}
CRITICAL - 2021-12-28 12:40:44 --> Undefined variable $title
#0 C:\xampp\htdocs\webmusholla\app\Views\user\index.php(7): CodeIgniter\Debug\Exceptions->errorHandler(2, 'Undefined varia...', 'C:\\xampp\\htdocs...', 7)
#1 C:\xampp\htdocs\webmusholla\vendor\codeigniter4\framework\system\View\View.php(214): include('C:\\xampp\\htdocs...')
#2 C:\xampp\htdocs\webmusholla\vendor\codeigniter4\framework\system\View\View.php(217): CodeIgniter\View\View->CodeIgniter\View\{closure}()
#3 C:\xampp\htdocs\webmusholla\vendor\codeigniter4\framework\system\Common.php(1097): CodeIgniter\View\View->render('user/index', Array, true)
#4 C:\xampp\htdocs\webmusholla\app\Controllers\User.php(9): view('user/index')
#5 C:\xampp\htdocs\webmusholla\vendor\codeigniter4\framework\system\CodeIgniter.php(824): App\Controllers\User->index()
#6 C:\xampp\htdocs\webmusholla\vendor\codeigniter4\framework\system\CodeIgniter.php(410): CodeIgniter\CodeIgniter->runController(Object(App\Controllers\User))
#7 C:\xampp\htdocs\webmusholla\vendor\codeigniter4\framework\system\CodeIgniter.php(318): CodeIgniter\CodeIgniter->handleRequest(NULL, Object(Config\Cache), false)
#8 C:\xampp\htdocs\webmusholla\public\index.php(37): CodeIgniter\CodeIgniter->run()
#9 C:\xampp\htdocs\webmusholla\vendor\codeigniter4\framework\system\Commands\Server\rewrite.php(43): require_once('C:\\xampp\\htdocs...')
#10 {main}
CRITICAL - 2021-12-28 12:41:43 --> Undefined variable $title
#0 C:\xampp\htdocs\webmusholla\app\Views\templates\index.php(13): CodeIgniter\Debug\Exceptions->errorHandler(2, 'Undefined varia...', 'C:\\xampp\\htdocs...', 13)
#1 C:\xampp\htdocs\webmusholla\vendor\codeigniter4\framework\system\View\View.php(214): include('C:\\xampp\\htdocs...')
#2 C:\xampp\htdocs\webmusholla\vendor\codeigniter4\framework\system\View\View.php(217): CodeIgniter\View\View->CodeIgniter\View\{closure}()
#3 C:\xampp\htdocs\webmusholla\vendor\codeigniter4\framework\system\View\View.php(230): CodeIgniter\View\View->render('templates/index', Array, true)
#4 C:\xampp\htdocs\webmusholla\vendor\codeigniter4\framework\system\Common.php(1097): CodeIgniter\View\View->render('user/index', Array, true)
#5 C:\xampp\htdocs\webmusholla\app\Controllers\User.php(9): view('user/index')
#6 C:\xampp\htdocs\webmusholla\vendor\codeigniter4\framework\system\CodeIgniter.php(824): App\Controllers\User->index()
#7 C:\xampp\htdocs\webmusholla\vendor\codeigniter4\framework\system\CodeIgniter.php(410): CodeIgniter\CodeIgniter->runController(Object(App\Controllers\User))
#8 C:\xampp\htdocs\webmusholla\vendor\codeigniter4\framework\system\CodeIgniter.php(318): CodeIgniter\CodeIgniter->handleRequest(NULL, Object(Config\Cache), false)
#9 C:\xampp\htdocs\webmusholla\public\index.php(37): CodeIgniter\CodeIgniter->run()
#10 C:\xampp\htdocs\webmusholla\vendor\codeigniter4\framework\system\Commands\Server\rewrite.php(43): require_once('C:\\xampp\\htdocs...')
#11 {main}
CRITICAL - 2021-12-28 12:41:45 --> Undefined variable $title
#0 C:\xampp\htdocs\webmusholla\app\Views\templates\index.php(13): CodeIgniter\Debug\Exceptions->errorHandler(2, 'Undefined varia...', 'C:\\xampp\\htdocs...', 13)
#1 C:\xampp\htdocs\webmusholla\vendor\codeigniter4\framework\system\View\View.php(214): include('C:\\xampp\\htdocs...')
#2 C:\xampp\htdocs\webmusholla\vendor\codeigniter4\framework\system\View\View.php(217): CodeIgniter\View\View->CodeIgniter\View\{closure}()
#3 C:\xampp\htdocs\webmusholla\vendor\codeigniter4\framework\system\View\View.php(230): CodeIgniter\View\View->render('templates/index', Array, true)
#4 C:\xampp\htdocs\webmusholla\vendor\codeigniter4\framework\system\Common.php(1097): CodeIgniter\View\View->render('user/index', Array, true)
#5 C:\xampp\htdocs\webmusholla\app\Controllers\User.php(9): view('user/index')
#6 C:\xampp\htdocs\webmusholla\vendor\codeigniter4\framework\system\CodeIgniter.php(824): App\Controllers\User->index()
#7 C:\xampp\htdocs\webmusholla\vendor\codeigniter4\framework\system\CodeIgniter.php(410): CodeIgniter\CodeIgniter->runController(Object(App\Controllers\User))
#8 C:\xampp\htdocs\webmusholla\vendor\codeigniter4\framework\system\CodeIgniter.php(318): CodeIgniter\CodeIgniter->handleRequest(NULL, Object(Config\Cache), false)
#9 C:\xampp\htdocs\webmusholla\public\index.php(37): CodeIgniter\CodeIgniter->run()
#10 C:\xampp\htdocs\webmusholla\vendor\codeigniter4\framework\system\Commands\Server\rewrite.php(43): require_once('C:\\xampp\\htdocs...')
#11 {main}
ERROR - 2021-12-28 13:48:36 --> Table 'web_musholla.auth_group_users' doesn't exist
CRITICAL - 2021-12-28 13:48:36 --> Table 'web_musholla.auth_group_users' doesn't exist
#0 C:\xampp\htdocs\webmusholla\vendor\codeigniter4\framework\system\Database\MySQLi\Connection.php(292): mysqli->query('SELECT `users`....', 0)
#1 C:\xampp\htdocs\webmusholla\vendor\codeigniter4\framework\system\Database\BaseConnection.php(670): CodeIgniter\Database\MySQLi\Connection->execute('SELECT `users`....')
#2 C:\xampp\htdocs\webmusholla\vendor\codeigniter4\framework\system\Database\BaseConnection.php(598): CodeIgniter\Database\BaseConnection->simpleQuery('SELECT `users`....')
#3 C:\xampp\htdocs\webmusholla\vendor\codeigniter4\framework\system\Database\BaseBuilder.php(1443): CodeIgniter\Database\BaseConnection->query('SELECT `users`....', Array, false)
#4 C:\xampp\htdocs\webmusholla\app\Controllers\Admin.php(32): CodeIgniter\Database\BaseBuilder->get()
#5 C:\xampp\htdocs\webmusholla\vendor\codeigniter4\framework\system\CodeIgniter.php(824): App\Controllers\Admin->manage_profile()
#6 C:\xampp\htdocs\webmusholla\vendor\codeigniter4\framework\system\CodeIgniter.php(410): CodeIgniter\CodeIgniter->runController(Object(App\Controllers\Admin))
#7 C:\xampp\htdocs\webmusholla\vendor\codeigniter4\framework\system\CodeIgniter.php(318): CodeIgniter\CodeIgniter->handleRequest(NULL, Object(Config\Cache), false)
#8 C:\xampp\htdocs\webmusholla\public\index.php(37): CodeIgniter\CodeIgniter->run()
#9 C:\xampp\htdocs\webmusholla\vendor\codeigniter4\framework\system\Commands\Server\rewrite.php(43): require_once('C:\\xampp\\htdocs...')
#10 {main}
ERROR - 2021-12-28 13:49:20 --> Unknown column 'auth_groups_id' in 'on clause'
CRITICAL - 2021-12-28 13:49:20 --> Unknown column 'auth_groups_id' in 'on clause'
#0 C:\xampp\htdocs\webmusholla\vendor\codeigniter4\framework\system\Database\MySQLi\Connection.php(292): mysqli->query('SELECT `users`....', 0)
#1 C:\xampp\htdocs\webmusholla\vendor\codeigniter4\framework\system\Database\BaseConnection.php(670): CodeIgniter\Database\MySQLi\Connection->execute('SELECT `users`....')
#2 C:\xampp\htdocs\webmusholla\vendor\codeigniter4\framework\system\Database\BaseConnection.php(598): CodeIgniter\Database\BaseConnection->simpleQuery('SELECT `users`....')
#3 C:\xampp\htdocs\webmusholla\vendor\codeigniter4\framework\system\Database\BaseBuilder.php(1443): CodeIgniter\Database\BaseConnection->query('SELECT `users`....', Array, false)
#4 C:\xampp\htdocs\webmusholla\app\Controllers\Admin.php(32): CodeIgniter\Database\BaseBuilder->get()
#5 C:\xampp\htdocs\webmusholla\vendor\codeigniter4\framework\system\CodeIgniter.php(824): App\Controllers\Admin->manage_profile()
#6 C:\xampp\htdocs\webmusholla\vendor\codeigniter4\framework\system\CodeIgniter.php(410): CodeIgniter\CodeIgniter->runController(Object(App\Controllers\Admin))
#7 C:\xampp\htdocs\webmusholla\vendor\codeigniter4\framework\system\CodeIgniter.php(318): CodeIgniter\CodeIgniter->handleRequest(NULL, Object(Config\Cache), false)
#8 C:\xampp\htdocs\webmusholla\public\index.php(37): CodeIgniter\CodeIgniter->run()
#9 C:\xampp\htdocs\webmusholla\vendor\codeigniter4\framework\system\Commands\Server\rewrite.php(43): require_once('C:\\xampp\\htdocs...')
#10 {main}
CRITICAL - 2021-12-28 13:50:42 --> Undefined variable $users
#0 C:\xampp\htdocs\webmusholla\app\Views\admin\manage_profile.php(22): CodeIgniter\Debug\Exceptions->errorHandler(2, 'Undefined varia...', 'C:\\xampp\\htdocs...', 22)
#1 C:\xampp\htdocs\webmusholla\vendor\codeigniter4\framework\system\View\View.php(214): include('C:\\xampp\\htdocs...')
#2 C:\xampp\htdocs\webmusholla\vendor\codeigniter4\framework\system\View\View.php(217): CodeIgniter\View\View->CodeIgniter\View\{closure}()
#3 C:\xampp\htdocs\webmusholla\vendor\codeigniter4\framework\system\Common.php(1097): CodeIgniter\View\View->render('admin/manage_pr...', Array, true)
#4 C:\xampp\htdocs\webmusholla\app\Controllers\Admin.php(35): view('admin/manage_pr...', Array)
#5 C:\xampp\htdocs\webmusholla\vendor\codeigniter4\framework\system\CodeIgniter.php(824): App\Controllers\Admin->manage_profile()
#6 C:\xampp\htdocs\webmusholla\vendor\codeigniter4\framework\system\CodeIgniter.php(410): CodeIgniter\CodeIgniter->runController(Object(App\Controllers\Admin))
#7 C:\xampp\htdocs\webmusholla\vendor\codeigniter4\framework\system\CodeIgniter.php(318): CodeIgniter\CodeIgniter->handleRequest(NULL, Object(Config\Cache), false)
#8 C:\xampp\htdocs\webmusholla\public\index.php(37): CodeIgniter\CodeIgniter->run()
#9 C:\xampp\htdocs\webmusholla\vendor\codeigniter4\framework\system\Commands\Server\rewrite.php(43): require_once('C:\\xampp\\htdocs...')
#10 {main}
CRITICAL - 2021-12-28 13:53:17 --> Undefined variable $users
#0 C:\xampp\htdocs\webmusholla\app\Views\admin\manage_profile.php(22): CodeIgniter\Debug\Exceptions->errorHandler(2, 'Undefined varia...', 'C:\\xampp\\htdocs...', 22)
#1 C:\xampp\htdocs\webmusholla\vendor\codeigniter4\framework\system\View\View.php(214): include('C:\\xampp\\htdocs...')
#2 C:\xampp\htdocs\webmusholla\vendor\codeigniter4\framework\system\View\View.php(217): CodeIgniter\View\View->CodeIgniter\View\{closure}()
#3 C:\xampp\htdocs\webmusholla\vendor\codeigniter4\framework\system\Common.php(1097): CodeIgniter\View\View->render('admin/manage_pr...', Array, true)
#4 C:\xampp\htdocs\webmusholla\app\Controllers\Admin.php(35): view('admin/manage_pr...', Array)
#5 C:\xampp\htdocs\webmusholla\vendor\codeigniter4\framework\system\CodeIgniter.php(824): App\Controllers\Admin->manage_profile()
#6 C:\xampp\htdocs\webmusholla\vendor\codeigniter4\framework\system\CodeIgniter.php(410): CodeIgniter\CodeIgniter->runController(Object(App\Controllers\Admin))
#7 C:\xampp\htdocs\webmusholla\vendor\codeigniter4\framework\system\CodeIgniter.php(318): CodeIgniter\CodeIgniter->handleRequest(NULL, Object(Config\Cache), false)
#8 C:\xampp\htdocs\webmusholla\public\index.php(37): CodeIgniter\CodeIgniter->run()
#9 C:\xampp\htdocs\webmusholla\vendor\codeigniter4\framework\system\Commands\Server\rewrite.php(43): require_once('C:\\xampp\\htdocs...')
#10 {main}
CRITICAL - 2021-12-28 13:55:20 --> Undefined variable $users
#0 C:\xampp\htdocs\webmusholla\app\Views\admin\manage_profile.php(22): CodeIgniter\Debug\Exceptions->errorHandler(2, 'Undefined varia...', 'C:\\xampp\\htdocs...', 22)
#1 C:\xampp\htdocs\webmusholla\vendor\codeigniter4\framework\system\View\View.php(214): include('C:\\xampp\\htdocs...')
#2 C:\xampp\htdocs\webmusholla\vendor\codeigniter4\framework\system\View\View.php(217): CodeIgniter\View\View->CodeIgniter\View\{closure}()
#3 C:\xampp\htdocs\webmusholla\vendor\codeigniter4\framework\system\Common.php(1097): CodeIgniter\View\View->render('admin/manage_pr...', Array, true)
#4 C:\xampp\htdocs\webmusholla\app\Controllers\Admin.php(35): view('admin/manage_pr...', Array)
#5 C:\xampp\htdocs\webmusholla\vendor\codeigniter4\framework\system\CodeIgniter.php(824): App\Controllers\Admin->manage_profile()
#6 C:\xampp\htdocs\webmusholla\vendor\codeigniter4\framework\system\CodeIgniter.php(410): CodeIgniter\CodeIgniter->runController(Object(App\Controllers\Admin))
#7 C:\xampp\htdocs\webmusholla\vendor\codeigniter4\framework\system\CodeIgniter.php(318): CodeIgniter\CodeIgniter->handleRequest(NULL, Object(Config\Cache), false)
#8 C:\xampp\htdocs\webmusholla\public\index.php(37): CodeIgniter\CodeIgniter->run()
#9 C:\xampp\htdocs\webmusholla\vendor\codeigniter4\framework\system\Commands\Server\rewrite.php(43): require_once('C:\\xampp\\htdocs...')
#10 {main}
CRITICAL - 2021-12-28 13:56:11 --> Undefined variable $users
#0 C:\xampp\htdocs\webmusholla\app\Views\admin\manage_profile.php(22): CodeIgniter\Debug\Exceptions->errorHandler(2, 'Undefined varia...', 'C:\\xampp\\htdocs...', 22)
#1 C:\xampp\htdocs\webmusholla\vendor\codeigniter4\framework\system\View\View.php(214): include('C:\\xampp\\htdocs...')
#2 C:\xampp\htdocs\webmusholla\vendor\codeigniter4\framework\system\View\View.php(217): CodeIgniter\View\View->CodeIgniter\View\{closure}()
#3 C:\xampp\htdocs\webmusholla\vendor\codeigniter4\framework\system\Common.php(1097): CodeIgniter\View\View->render('admin/manage_pr...', Array, true)
#4 C:\xampp\htdocs\webmusholla\app\Controllers\Admin.php(35): view('admin/manage_pr...', Array)
#5 C:\xampp\htdocs\webmusholla\vendor\codeigniter4\framework\system\CodeIgniter.php(824): App\Controllers\Admin->manage_profile()
#6 C:\xampp\htdocs\webmusholla\vendor\codeigniter4\framework\system\CodeIgniter.php(410): CodeIgniter\CodeIgniter->runController(Object(App\Controllers\Admin))
#7 C:\xampp\htdocs\webmusholla\vendor\codeigniter4\framework\system\CodeIgniter.php(318): CodeIgniter\CodeIgniter->handleRequest(NULL, Object(Config\Cache), false)
#8 C:\xampp\htdocs\webmusholla\public\index.php(37): CodeIgniter\CodeIgniter->run()
#9 C:\xampp\htdocs\webmusholla\vendor\codeigniter4\framework\system\Commands\Server\rewrite.php(43): require_once('C:\\xampp\\htdocs...')
#10 {main}
CRITICAL - 2021-12-28 13:56:13 --> Undefined variable $users
#0 C:\xampp\htdocs\webmusholla\app\Views\admin\manage_profile.php(22): CodeIgniter\Debug\Exceptions->errorHandler(2, 'Undefined varia...', 'C:\\xampp\\htdocs...', 22)
#1 C:\xampp\htdocs\webmusholla\vendor\codeigniter4\framework\system\View\View.php(214): include('C:\\xampp\\htdocs...')
#2 C:\xampp\htdocs\webmusholla\vendor\codeigniter4\framework\system\View\View.php(217): CodeIgniter\View\View->CodeIgniter\View\{closure}()
#3 C:\xampp\htdocs\webmusholla\vendor\codeigniter4\framework\system\Common.php(1097): CodeIgniter\View\View->render('admin/manage_pr...', Array, true)
#4 C:\xampp\htdocs\webmusholla\app\Controllers\Admin.php(35): view('admin/manage_pr...', Array)
#5 C:\xampp\htdocs\webmusholla\vendor\codeigniter4\framework\system\CodeIgniter.php(824): App\Controllers\Admin->manage_profile()
#6 C:\xampp\htdocs\webmusholla\vendor\codeigniter4\framework\system\CodeIgniter.php(410): CodeIgniter\CodeIgniter->runController(Object(App\Controllers\Admin))
#7 C:\xampp\htdocs\webmusholla\vendor\codeigniter4\framework\system\CodeIgniter.php(318): CodeIgniter\CodeIgniter->handleRequest(NULL, Object(Config\Cache), false)
#8 C:\xampp\htdocs\webmusholla\public\index.php(37): CodeIgniter\CodeIgniter->run()
#9 C:\xampp\htdocs\webmusholla\vendor\codeigniter4\framework\system\Commands\Server\rewrite.php(43): require_once('C:\\xampp\\htdocs...')
#10 {main}
CRITICAL - 2021-12-28 13:56:16 --> Undefined variable $users
#0 C:\xampp\htdocs\webmusholla\app\Views\admin\manage_profile.php(22): CodeIgniter\Debug\Exceptions->errorHandler(2, 'Undefined varia...', 'C:\\xampp\\htdocs...', 22)
#1 C:\xampp\htdocs\webmusholla\vendor\codeigniter4\framework\system\View\View.php(214): include('C:\\xampp\\htdocs...')
#2 C:\xampp\htdocs\webmusholla\vendor\codeigniter4\framework\system\View\View.php(217): CodeIgniter\View\View->CodeIgniter\View\{closure}()
#3 C:\xampp\htdocs\webmusholla\vendor\codeigniter4\framework\system\Common.php(1097): CodeIgniter\View\View->render('admin/manage_pr...', Array, true)
#4 C:\xampp\htdocs\webmusholla\app\Controllers\Admin.php(35): view('admin/manage_pr...', Array)
#5 C:\xampp\htdocs\webmusholla\vendor\codeigniter4\framework\system\CodeIgniter.php(824): App\Controllers\Admin->manage_profile()
#6 C:\xampp\htdocs\webmusholla\vendor\codeigniter4\framework\system\CodeIgniter.php(410): CodeIgniter\CodeIgniter->runController(Object(App\Controllers\Admin))
#7 C:\xampp\htdocs\webmusholla\vendor\codeigniter4\framework\system\CodeIgniter.php(318): CodeIgniter\CodeIgniter->handleRequest(NULL, Object(Config\Cache), false)
#8 C:\xampp\htdocs\webmusholla\public\index.php(37): CodeIgniter\CodeIgniter->run()
#9 C:\xampp\htdocs\webmusholla\vendor\codeigniter4\framework\system\Commands\Server\rewrite.php(43): require_once('C:\\xampp\\htdocs...')
#10 {main}
CRITICAL - 2021-12-28 14:05:54 --> Too few arguments to function App\Controllers\Admin::detail(), 0 passed in C:\xampp\htdocs\webmusholla\vendor\codeigniter4\framework\system\CodeIgniter.php on line 824 and exactly 1 expected
#0 C:\xampp\htdocs\webmusholla\vendor\codeigniter4\framework\system\CodeIgniter.php(824): App\Controllers\Admin->detail()
#1 C:\xampp\htdocs\webmusholla\vendor\codeigniter4\framework\system\CodeIgniter.php(410): CodeIgniter\CodeIgniter->runController(Object(App\Controllers\Admin))
#2 C:\xampp\htdocs\webmusholla\vendor\codeigniter4\framework\system\CodeIgniter.php(318): CodeIgniter\CodeIgniter->handleRequest(NULL, Object(Config\Cache), false)
#3 C:\xampp\htdocs\webmusholla\public\index.php(37): CodeIgniter\CodeIgniter->run()
#4 C:\xampp\htdocs\webmusholla\vendor\codeigniter4\framework\system\Commands\Server\rewrite.php(43): require_once('C:\\xampp\\htdocs...')
#5 {main}
CRITICAL - 2021-12-28 14:43:13 --> Undefined property: App\Controllers\User::$builder
#0 C:\xampp\htdocs\webmusholla\app\Controllers\User.php(13): CodeIgniter\Debug\Exceptions->errorHandler(2, 'Undefined prope...', 'C:\\xampp\\htdocs...', 13)
#1 C:\xampp\htdocs\webmusholla\vendor\codeigniter4\framework\system\CodeIgniter.php(824): App\Controllers\User->index()
#2 C:\xampp\htdocs\webmusholla\vendor\codeigniter4\framework\system\CodeIgniter.php(410): CodeIgniter\CodeIgniter->runController(Object(App\Controllers\User))
#3 C:\xampp\htdocs\webmusholla\vendor\codeigniter4\framework\system\CodeIgniter.php(318): CodeIgniter\CodeIgniter->handleRequest(NULL, Object(Config\Cache), false)
#4 C:\xampp\htdocs\webmusholla\public\index.php(37): CodeIgniter\CodeIgniter->run()
#5 C:\xampp\htdocs\webmusholla\vendor\codeigniter4\framework\system\Commands\Server\rewrite.php(43): require_once('C:\\xampp\\htdocs...')
#6 {main}
