CRITICAL - 2022-01-06 18:52:38 --> Attempt to read property "result_array" on array
#0 C:\xampp\htdocs\webmusholla\app\Controllers\Keuangan.php(20): CodeIgniter\Debug\Exceptions->errorHandler(2, 'Attempt to read...', 'C:\\xampp\\htdocs...', 20)
#1 C:\xampp\htdocs\webmusholla\vendor\codeigniter4\framework\system\CodeIgniter.php(824): App\Controllers\Keuangan->index()
#2 C:\xampp\htdocs\webmusholla\vendor\codeigniter4\framework\system\CodeIgniter.php(410): CodeIgniter\CodeIgniter->runController(Object(App\Controllers\Keuangan))
#3 C:\xampp\htdocs\webmusholla\vendor\codeigniter4\framework\system\CodeIgniter.php(318): CodeIgniter\CodeIgniter->handleRequest(NULL, Object(Config\Cache), false)
#4 C:\xampp\htdocs\webmusholla\public\index.php(37): CodeIgniter\CodeIgniter->run()
#5 C:\xampp\htdocs\webmusholla\vendor\codeigniter4\framework\system\Commands\Server\rewrite.php(43): require_once('C:\\xampp\\htdocs...')
#6 {main}
CRITICAL - 2022-01-06 18:52:56 --> Call to a member function result_array() on array
#0 C:\xampp\htdocs\webmusholla\vendor\codeigniter4\framework\system\CodeIgniter.php(824): App\Controllers\Keuangan->index()
#1 C:\xampp\htdocs\webmusholla\vendor\codeigniter4\framework\system\CodeIgniter.php(410): CodeIgniter\CodeIgniter->runController(Object(App\Controllers\Keuangan))
#2 C:\xampp\htdocs\webmusholla\vendor\codeigniter4\framework\system\CodeIgniter.php(318): CodeIgniter\CodeIgniter->handleRequest(NULL, Object(Config\Cache), false)
#3 C:\xampp\htdocs\webmusholla\public\index.php(37): CodeIgniter\CodeIgniter->run()
#4 C:\xampp\htdocs\webmusholla\vendor\codeigniter4\framework\system\Commands\Server\rewrite.php(43): require_once('C:\\xampp\\htdocs...')
#5 {main}
CRITICAL - 2022-01-06 18:53:16 --> Call to a member function result_array() on null
#0 C:\xampp\htdocs\webmusholla\vendor\codeigniter4\framework\system\CodeIgniter.php(824): App\Controllers\Keuangan->index()
#1 C:\xampp\htdocs\webmusholla\vendor\codeigniter4\framework\system\CodeIgniter.php(410): CodeIgniter\CodeIgniter->runController(Object(App\Controllers\Keuangan))
#2 C:\xampp\htdocs\webmusholla\vendor\codeigniter4\framework\system\CodeIgniter.php(318): CodeIgniter\CodeIgniter->handleRequest(NULL, Object(Config\Cache), false)
#3 C:\xampp\htdocs\webmusholla\public\index.php(37): CodeIgniter\CodeIgniter->run()
#4 C:\xampp\htdocs\webmusholla\vendor\codeigniter4\framework\system\Commands\Server\rewrite.php(43): require_once('C:\\xampp\\htdocs...')
#5 {main}
CRITICAL - 2022-01-06 22:05:48 --> Undefined variable $tot_kegiatan
#0 C:\xampp\htdocs\webmusholla\app\Views\admin\index.php(24): CodeIgniter\Debug\Exceptions->errorHandler(2, 'Undefined varia...', 'C:\\xampp\\htdocs...', 24)
#1 C:\xampp\htdocs\webmusholla\vendor\codeigniter4\framework\system\View\View.php(214): include('C:\\xampp\\htdocs...')
#2 C:\xampp\htdocs\webmusholla\vendor\codeigniter4\framework\system\View\View.php(217): CodeIgniter\View\View->CodeIgniter\View\{closure}()
#3 C:\xampp\htdocs\webmusholla\vendor\codeigniter4\framework\system\Common.php(1097): CodeIgniter\View\View->render('admin/index', Array, true)
#4 C:\xampp\htdocs\webmusholla\app\Controllers\Admin.php(20): view('admin/index', Array)
#5 C:\xampp\htdocs\webmusholla\vendor\codeigniter4\framework\system\CodeIgniter.php(824): App\Controllers\Admin->index()
#6 C:\xampp\htdocs\webmusholla\vendor\codeigniter4\framework\system\CodeIgniter.php(410): CodeIgniter\CodeIgniter->runController(Object(App\Controllers\Admin))
#7 C:\xampp\htdocs\webmusholla\vendor\codeigniter4\framework\system\CodeIgniter.php(318): CodeIgniter\CodeIgniter->handleRequest(NULL, Object(Config\Cache), false)
#8 C:\xampp\htdocs\webmusholla\public\index.php(37): CodeIgniter\CodeIgniter->run()
#9 C:\xampp\htdocs\webmusholla\vendor\codeigniter4\framework\system\Commands\Server\rewrite.php(43): require_once('C:\\xampp\\htdocs...')
#10 {main}
CRITICAL - 2022-01-06 22:08:22 --> Undefined variable $tot_kegiatan
#0 C:\xampp\htdocs\webmusholla\app\Views\admin\index.php(24): CodeIgniter\Debug\Exceptions->errorHandler(2, 'Undefined varia...', 'C:\\xampp\\htdocs...', 24)
#1 C:\xampp\htdocs\webmusholla\vendor\codeigniter4\framework\system\View\View.php(214): include('C:\\xampp\\htdocs...')
#2 C:\xampp\htdocs\webmusholla\vendor\codeigniter4\framework\system\View\View.php(217): CodeIgniter\View\View->CodeIgniter\View\{closure}()
#3 C:\xampp\htdocs\webmusholla\vendor\codeigniter4\framework\system\Common.php(1097): CodeIgniter\View\View->render('admin/index', Array, true)
#4 C:\xampp\htdocs\webmusholla\app\Controllers\Admin.php(20): view('admin/index', Array)
#5 C:\xampp\htdocs\webmusholla\vendor\codeigniter4\framework\system\CodeIgniter.php(824): App\Controllers\Admin->index()
#6 C:\xampp\htdocs\webmusholla\vendor\codeigniter4\framework\system\CodeIgniter.php(410): CodeIgniter\CodeIgniter->runController(Object(App\Controllers\Admin))
#7 C:\xampp\htdocs\webmusholla\vendor\codeigniter4\framework\system\CodeIgniter.php(318): CodeIgniter\CodeIgniter->handleRequest(NULL, Object(Config\Cache), false)
#8 C:\xampp\htdocs\webmusholla\public\index.php(37): CodeIgniter\CodeIgniter->run()
#9 C:\xampp\htdocs\webmusholla\vendor\codeigniter4\framework\system\Commands\Server\rewrite.php(43): require_once('C:\\xampp\\htdocs...')
#10 {main}
CRITICAL - 2022-01-06 22:08:24 --> Undefined variable $tot_kegiatan
#0 C:\xampp\htdocs\webmusholla\app\Views\admin\index.php(24): CodeIgniter\Debug\Exceptions->errorHandler(2, 'Undefined varia...', 'C:\\xampp\\htdocs...', 24)
#1 C:\xampp\htdocs\webmusholla\vendor\codeigniter4\framework\system\View\View.php(214): include('C:\\xampp\\htdocs...')
#2 C:\xampp\htdocs\webmusholla\vendor\codeigniter4\framework\system\View\View.php(217): CodeIgniter\View\View->CodeIgniter\View\{closure}()
#3 C:\xampp\htdocs\webmusholla\vendor\codeigniter4\framework\system\Common.php(1097): CodeIgniter\View\View->render('admin/index', Array, true)
#4 C:\xampp\htdocs\webmusholla\app\Controllers\Admin.php(20): view('admin/index', Array)
#5 C:\xampp\htdocs\webmusholla\vendor\codeigniter4\framework\system\CodeIgniter.php(824): App\Controllers\Admin->index()
#6 C:\xampp\htdocs\webmusholla\vendor\codeigniter4\framework\system\CodeIgniter.php(410): CodeIgniter\CodeIgniter->runController(Object(App\Controllers\Admin))
#7 C:\xampp\htdocs\webmusholla\vendor\codeigniter4\framework\system\CodeIgniter.php(318): CodeIgniter\CodeIgniter->handleRequest(NULL, Object(Config\Cache), false)
#8 C:\xampp\htdocs\webmusholla\public\index.php(37): CodeIgniter\CodeIgniter->run()
#9 C:\xampp\htdocs\webmusholla\vendor\codeigniter4\framework\system\Commands\Server\rewrite.php(43): require_once('C:\\xampp\\htdocs...')
#10 {main}
CRITICAL - 2022-01-06 22:08:37 --> Undefined variable $tot_kegiatan
#0 C:\xampp\htdocs\webmusholla\app\Views\admin\index.php(24): CodeIgniter\Debug\Exceptions->errorHandler(2, 'Undefined varia...', 'C:\\xampp\\htdocs...', 24)
#1 C:\xampp\htdocs\webmusholla\vendor\codeigniter4\framework\system\View\View.php(214): include('C:\\xampp\\htdocs...')
#2 C:\xampp\htdocs\webmusholla\vendor\codeigniter4\framework\system\View\View.php(217): CodeIgniter\View\View->CodeIgniter\View\{closure}()
#3 C:\xampp\htdocs\webmusholla\vendor\codeigniter4\framework\system\Common.php(1097): CodeIgniter\View\View->render('admin/index', Array, true)
#4 C:\xampp\htdocs\webmusholla\app\Controllers\Admin.php(20): view('admin/index', Array)
#5 C:\xampp\htdocs\webmusholla\vendor\codeigniter4\framework\system\CodeIgniter.php(824): App\Controllers\Admin->index()
#6 C:\xampp\htdocs\webmusholla\vendor\codeigniter4\framework\system\CodeIgniter.php(410): CodeIgniter\CodeIgniter->runController(Object(App\Controllers\Admin))
#7 C:\xampp\htdocs\webmusholla\vendor\codeigniter4\framework\system\CodeIgniter.php(318): CodeIgniter\CodeIgniter->handleRequest(NULL, Object(Config\Cache), false)
#8 C:\xampp\htdocs\webmusholla\public\index.php(37): CodeIgniter\CodeIgniter->run()
#9 C:\xampp\htdocs\webmusholla\vendor\codeigniter4\framework\system\Commands\Server\rewrite.php(43): require_once('C:\\xampp\\htdocs...')
#10 {main}
CRITICAL - 2022-01-06 22:08:40 --> Undefined variable $tot_kegiatan
#0 C:\xampp\htdocs\webmusholla\app\Views\admin\index.php(24): CodeIgniter\Debug\Exceptions->errorHandler(2, 'Undefined varia...', 'C:\\xampp\\htdocs...', 24)
#1 C:\xampp\htdocs\webmusholla\vendor\codeigniter4\framework\system\View\View.php(214): include('C:\\xampp\\htdocs...')
#2 C:\xampp\htdocs\webmusholla\vendor\codeigniter4\framework\system\View\View.php(217): CodeIgniter\View\View->CodeIgniter\View\{closure}()
#3 C:\xampp\htdocs\webmusholla\vendor\codeigniter4\framework\system\Common.php(1097): CodeIgniter\View\View->render('admin/index', Array, true)
#4 C:\xampp\htdocs\webmusholla\app\Controllers\Admin.php(20): view('admin/index', Array)
#5 C:\xampp\htdocs\webmusholla\vendor\codeigniter4\framework\system\CodeIgniter.php(824): App\Controllers\Admin->index()
#6 C:\xampp\htdocs\webmusholla\vendor\codeigniter4\framework\system\CodeIgniter.php(410): CodeIgniter\CodeIgniter->runController(Object(App\Controllers\Admin))
#7 C:\xampp\htdocs\webmusholla\vendor\codeigniter4\framework\system\CodeIgniter.php(318): CodeIgniter\CodeIgniter->handleRequest(NULL, Object(Config\Cache), false)
#8 C:\xampp\htdocs\webmusholla\public\index.php(37): CodeIgniter\CodeIgniter->run()
#9 C:\xampp\htdocs\webmusholla\vendor\codeigniter4\framework\system\Commands\Server\rewrite.php(43): require_once('C:\\xampp\\htdocs...')
#10 {main}
CRITICAL - 2022-01-06 22:08:59 --> Undefined property: App\Controllers\Kegiatan::$KegiatanModel
#0 C:\xampp\htdocs\webmusholla\app\Controllers\Kegiatan.php(21): CodeIgniter\Debug\Exceptions->errorHandler(2, 'Undefined prope...', 'C:\\xampp\\htdocs...', 21)
#1 C:\xampp\htdocs\webmusholla\vendor\codeigniter4\framework\system\CodeIgniter.php(824): App\Controllers\Kegiatan->index()
#2 C:\xampp\htdocs\webmusholla\vendor\codeigniter4\framework\system\CodeIgniter.php(410): CodeIgniter\CodeIgniter->runController(Object(App\Controllers\Kegiatan))
#3 C:\xampp\htdocs\webmusholla\vendor\codeigniter4\framework\system\CodeIgniter.php(318): CodeIgniter\CodeIgniter->handleRequest(NULL, Object(Config\Cache), false)
#4 C:\xampp\htdocs\webmusholla\public\index.php(37): CodeIgniter\CodeIgniter->run()
#5 C:\xampp\htdocs\webmusholla\vendor\codeigniter4\framework\system\Commands\Server\rewrite.php(43): require_once('C:\\xampp\\htdocs...')
#6 {main}
CRITICAL - 2022-01-06 22:09:44 --> Call to a member function countAll() on array
#0 C:\xampp\htdocs\webmusholla\vendor\codeigniter4\framework\system\CodeIgniter.php(824): App\Controllers\Kegiatan->index()
#1 C:\xampp\htdocs\webmusholla\vendor\codeigniter4\framework\system\CodeIgniter.php(410): CodeIgniter\CodeIgniter->runController(Object(App\Controllers\Kegiatan))
#2 C:\xampp\htdocs\webmusholla\vendor\codeigniter4\framework\system\CodeIgniter.php(318): CodeIgniter\CodeIgniter->handleRequest(NULL, Object(Config\Cache), false)
#3 C:\xampp\htdocs\webmusholla\public\index.php(37): CodeIgniter\CodeIgniter->run()
#4 C:\xampp\htdocs\webmusholla\vendor\codeigniter4\framework\system\Commands\Server\rewrite.php(43): require_once('C:\\xampp\\htdocs...')
#5 {main}
CRITICAL - 2022-01-06 22:17:07 --> Undefined property: CodeIgniter\View\View::$KegiatanModel
#0 C:\xampp\htdocs\webmusholla\app\Views\admin\index.php(24): CodeIgniter\Debug\Exceptions->errorHandler(2, 'Undefined prope...', 'C:\\xampp\\htdocs...', 24)
#1 C:\xampp\htdocs\webmusholla\vendor\codeigniter4\framework\system\View\View.php(214): include('C:\\xampp\\htdocs...')
#2 C:\xampp\htdocs\webmusholla\vendor\codeigniter4\framework\system\View\View.php(217): CodeIgniter\View\View->CodeIgniter\View\{closure}()
#3 C:\xampp\htdocs\webmusholla\vendor\codeigniter4\framework\system\Common.php(1097): CodeIgniter\View\View->render('admin/index', Array, true)
#4 C:\xampp\htdocs\webmusholla\app\Controllers\Admin.php(20): view('admin/index', Array)
#5 C:\xampp\htdocs\webmusholla\vendor\codeigniter4\framework\system\CodeIgniter.php(824): App\Controllers\Admin->index()
#6 C:\xampp\htdocs\webmusholla\vendor\codeigniter4\framework\system\CodeIgniter.php(410): CodeIgniter\CodeIgniter->runController(Object(App\Controllers\Admin))
#7 C:\xampp\htdocs\webmusholla\vendor\codeigniter4\framework\system\CodeIgniter.php(318): CodeIgniter\CodeIgniter->handleRequest(NULL, Object(Config\Cache), false)
#8 C:\xampp\htdocs\webmusholla\public\index.php(37): CodeIgniter\CodeIgniter->run()
#9 C:\xampp\htdocs\webmusholla\vendor\codeigniter4\framework\system\Commands\Server\rewrite.php(43): require_once('C:\\xampp\\htdocs...')
#10 {main}
CRITICAL - 2022-01-06 22:17:47 --> Undefined property: CodeIgniter\View\View::$KegiatanModel
#0 C:\xampp\htdocs\webmusholla\app\Views\admin\index.php(24): CodeIgniter\Debug\Exceptions->errorHandler(2, 'Undefined prope...', 'C:\\xampp\\htdocs...', 24)
#1 C:\xampp\htdocs\webmusholla\vendor\codeigniter4\framework\system\View\View.php(214): include('C:\\xampp\\htdocs...')
#2 C:\xampp\htdocs\webmusholla\vendor\codeigniter4\framework\system\View\View.php(217): CodeIgniter\View\View->CodeIgniter\View\{closure}()
#3 C:\xampp\htdocs\webmusholla\vendor\codeigniter4\framework\system\Common.php(1097): CodeIgniter\View\View->render('admin/index', Array, true)
#4 C:\xampp\htdocs\webmusholla\app\Controllers\Admin.php(20): view('admin/index', Array)
#5 C:\xampp\htdocs\webmusholla\vendor\codeigniter4\framework\system\CodeIgniter.php(824): App\Controllers\Admin->index()
#6 C:\xampp\htdocs\webmusholla\vendor\codeigniter4\framework\system\CodeIgniter.php(410): CodeIgniter\CodeIgniter->runController(Object(App\Controllers\Admin))
#7 C:\xampp\htdocs\webmusholla\vendor\codeigniter4\framework\system\CodeIgniter.php(318): CodeIgniter\CodeIgniter->handleRequest(NULL, Object(Config\Cache), false)
#8 C:\xampp\htdocs\webmusholla\public\index.php(37): CodeIgniter\CodeIgniter->run()
#9 C:\xampp\htdocs\webmusholla\vendor\codeigniter4\framework\system\Commands\Server\rewrite.php(43): require_once('C:\\xampp\\htdocs...')
#10 {main}
CRITICAL - 2022-01-06 22:17:49 --> Undefined property: CodeIgniter\View\View::$KegiatanModel
#0 C:\xampp\htdocs\webmusholla\app\Views\admin\index.php(24): CodeIgniter\Debug\Exceptions->errorHandler(2, 'Undefined prope...', 'C:\\xampp\\htdocs...', 24)
#1 C:\xampp\htdocs\webmusholla\vendor\codeigniter4\framework\system\View\View.php(214): include('C:\\xampp\\htdocs...')
#2 C:\xampp\htdocs\webmusholla\vendor\codeigniter4\framework\system\View\View.php(217): CodeIgniter\View\View->CodeIgniter\View\{closure}()
#3 C:\xampp\htdocs\webmusholla\vendor\codeigniter4\framework\system\Common.php(1097): CodeIgniter\View\View->render('admin/index', Array, true)
#4 C:\xampp\htdocs\webmusholla\app\Controllers\Admin.php(20): view('admin/index', Array)
#5 C:\xampp\htdocs\webmusholla\vendor\codeigniter4\framework\system\CodeIgniter.php(824): App\Controllers\Admin->index()
#6 C:\xampp\htdocs\webmusholla\vendor\codeigniter4\framework\system\CodeIgniter.php(410): CodeIgniter\CodeIgniter->runController(Object(App\Controllers\Admin))
#7 C:\xampp\htdocs\webmusholla\vendor\codeigniter4\framework\system\CodeIgniter.php(318): CodeIgniter\CodeIgniter->handleRequest(NULL, Object(Config\Cache), false)
#8 C:\xampp\htdocs\webmusholla\public\index.php(37): CodeIgniter\CodeIgniter->run()
#9 C:\xampp\htdocs\webmusholla\vendor\codeigniter4\framework\system\Commands\Server\rewrite.php(43): require_once('C:\\xampp\\htdocs...')
#10 {main}
CRITICAL - 2022-01-06 22:18:24 --> Undefined property: CodeIgniter\View\View::$KegiatanModel
#0 C:\xampp\htdocs\webmusholla\app\Views\admin\index.php(24): CodeIgniter\Debug\Exceptions->errorHandler(2, 'Undefined prope...', 'C:\\xampp\\htdocs...', 24)
#1 C:\xampp\htdocs\webmusholla\vendor\codeigniter4\framework\system\View\View.php(214): include('C:\\xampp\\htdocs...')
#2 C:\xampp\htdocs\webmusholla\vendor\codeigniter4\framework\system\View\View.php(217): CodeIgniter\View\View->CodeIgniter\View\{closure}()
#3 C:\xampp\htdocs\webmusholla\vendor\codeigniter4\framework\system\Common.php(1097): CodeIgniter\View\View->render('admin/index', Array, true)
#4 C:\xampp\htdocs\webmusholla\app\Controllers\Admin.php(20): view('admin/index', Array)
#5 C:\xampp\htdocs\webmusholla\vendor\codeigniter4\framework\system\CodeIgniter.php(824): App\Controllers\Admin->index()
#6 C:\xampp\htdocs\webmusholla\vendor\codeigniter4\framework\system\CodeIgniter.php(410): CodeIgniter\CodeIgniter->runController(Object(App\Controllers\Admin))
#7 C:\xampp\htdocs\webmusholla\vendor\codeigniter4\framework\system\CodeIgniter.php(318): CodeIgniter\CodeIgniter->handleRequest(NULL, Object(Config\Cache), false)
#8 C:\xampp\htdocs\webmusholla\public\index.php(37): CodeIgniter\CodeIgniter->run()
#9 C:\xampp\htdocs\webmusholla\vendor\codeigniter4\framework\system\Commands\Server\rewrite.php(43): require_once('C:\\xampp\\htdocs...')
#10 {main}
CRITICAL - 2022-01-06 22:18:26 --> Undefined property: CodeIgniter\View\View::$KegiatanModel
#0 C:\xampp\htdocs\webmusholla\app\Views\admin\index.php(24): CodeIgniter\Debug\Exceptions->errorHandler(2, 'Undefined prope...', 'C:\\xampp\\htdocs...', 24)
#1 C:\xampp\htdocs\webmusholla\vendor\codeigniter4\framework\system\View\View.php(214): include('C:\\xampp\\htdocs...')
#2 C:\xampp\htdocs\webmusholla\vendor\codeigniter4\framework\system\View\View.php(217): CodeIgniter\View\View->CodeIgniter\View\{closure}()
#3 C:\xampp\htdocs\webmusholla\vendor\codeigniter4\framework\system\Common.php(1097): CodeIgniter\View\View->render('admin/index', Array, true)
#4 C:\xampp\htdocs\webmusholla\app\Controllers\Admin.php(20): view('admin/index', Array)
#5 C:\xampp\htdocs\webmusholla\vendor\codeigniter4\framework\system\CodeIgniter.php(824): App\Controllers\Admin->index()
#6 C:\xampp\htdocs\webmusholla\vendor\codeigniter4\framework\system\CodeIgniter.php(410): CodeIgniter\CodeIgniter->runController(Object(App\Controllers\Admin))
#7 C:\xampp\htdocs\webmusholla\vendor\codeigniter4\framework\system\CodeIgniter.php(318): CodeIgniter\CodeIgniter->handleRequest(NULL, Object(Config\Cache), false)
#8 C:\xampp\htdocs\webmusholla\public\index.php(37): CodeIgniter\CodeIgniter->run()
#9 C:\xampp\htdocs\webmusholla\vendor\codeigniter4\framework\system\Commands\Server\rewrite.php(43): require_once('C:\\xampp\\htdocs...')
#10 {main}
CRITICAL - 2022-01-06 22:19:56 --> Undefined property: CodeIgniter\View\View::$KegiatanModel
#0 C:\xampp\htdocs\webmusholla\app\Views\admin\index.php(24): CodeIgniter\Debug\Exceptions->errorHandler(2, 'Undefined prope...', 'C:\\xampp\\htdocs...', 24)
#1 C:\xampp\htdocs\webmusholla\vendor\codeigniter4\framework\system\View\View.php(214): include('C:\\xampp\\htdocs...')
#2 C:\xampp\htdocs\webmusholla\vendor\codeigniter4\framework\system\View\View.php(217): CodeIgniter\View\View->CodeIgniter\View\{closure}()
#3 C:\xampp\htdocs\webmusholla\vendor\codeigniter4\framework\system\Common.php(1097): CodeIgniter\View\View->render('admin/index', Array, true)
#4 C:\xampp\htdocs\webmusholla\app\Controllers\Admin.php(20): view('admin/index', Array)
#5 C:\xampp\htdocs\webmusholla\vendor\codeigniter4\framework\system\CodeIgniter.php(824): App\Controllers\Admin->index()
#6 C:\xampp\htdocs\webmusholla\vendor\codeigniter4\framework\system\CodeIgniter.php(410): CodeIgniter\CodeIgniter->runController(Object(App\Controllers\Admin))
#7 C:\xampp\htdocs\webmusholla\vendor\codeigniter4\framework\system\CodeIgniter.php(318): CodeIgniter\CodeIgniter->handleRequest(NULL, Object(Config\Cache), false)
#8 C:\xampp\htdocs\webmusholla\public\index.php(37): CodeIgniter\CodeIgniter->run()
#9 C:\xampp\htdocs\webmusholla\vendor\codeigniter4\framework\system\Commands\Server\rewrite.php(43): require_once('C:\\xampp\\htdocs...')
#10 {main}
CRITICAL - 2022-01-06 22:19:58 --> Undefined property: CodeIgniter\View\View::$KegiatanModel
#0 C:\xampp\htdocs\webmusholla\app\Views\admin\index.php(24): CodeIgniter\Debug\Exceptions->errorHandler(2, 'Undefined prope...', 'C:\\xampp\\htdocs...', 24)
#1 C:\xampp\htdocs\webmusholla\vendor\codeigniter4\framework\system\View\View.php(214): include('C:\\xampp\\htdocs...')
#2 C:\xampp\htdocs\webmusholla\vendor\codeigniter4\framework\system\View\View.php(217): CodeIgniter\View\View->CodeIgniter\View\{closure}()
#3 C:\xampp\htdocs\webmusholla\vendor\codeigniter4\framework\system\Common.php(1097): CodeIgniter\View\View->render('admin/index', Array, true)
#4 C:\xampp\htdocs\webmusholla\app\Controllers\Admin.php(20): view('admin/index', Array)
#5 C:\xampp\htdocs\webmusholla\vendor\codeigniter4\framework\system\CodeIgniter.php(824): App\Controllers\Admin->index()
#6 C:\xampp\htdocs\webmusholla\vendor\codeigniter4\framework\system\CodeIgniter.php(410): CodeIgniter\CodeIgniter->runController(Object(App\Controllers\Admin))
#7 C:\xampp\htdocs\webmusholla\vendor\codeigniter4\framework\system\CodeIgniter.php(318): CodeIgniter\CodeIgniter->handleRequest(NULL, Object(Config\Cache), false)
#8 C:\xampp\htdocs\webmusholla\public\index.php(37): CodeIgniter\CodeIgniter->run()
#9 C:\xampp\htdocs\webmusholla\vendor\codeigniter4\framework\system\Commands\Server\rewrite.php(43): require_once('C:\\xampp\\htdocs...')
#10 {main}
CRITICAL - 2022-01-06 22:20:58 --> Undefined property: CodeIgniter\View\View::$KegiatanModel
#0 C:\xampp\htdocs\webmusholla\app\Views\admin\index.php(24): CodeIgniter\Debug\Exceptions->errorHandler(2, 'Undefined prope...', 'C:\\xampp\\htdocs...', 24)
#1 C:\xampp\htdocs\webmusholla\vendor\codeigniter4\framework\system\View\View.php(214): include('C:\\xampp\\htdocs...')
#2 C:\xampp\htdocs\webmusholla\vendor\codeigniter4\framework\system\View\View.php(217): CodeIgniter\View\View->CodeIgniter\View\{closure}()
#3 C:\xampp\htdocs\webmusholla\vendor\codeigniter4\framework\system\Common.php(1097): CodeIgniter\View\View->render('admin/index', Array, true)
#4 C:\xampp\htdocs\webmusholla\app\Controllers\Admin.php(20): view('admin/index', Array)
#5 C:\xampp\htdocs\webmusholla\vendor\codeigniter4\framework\system\CodeIgniter.php(824): App\Controllers\Admin->index()
#6 C:\xampp\htdocs\webmusholla\vendor\codeigniter4\framework\system\CodeIgniter.php(410): CodeIgniter\CodeIgniter->runController(Object(App\Controllers\Admin))
#7 C:\xampp\htdocs\webmusholla\vendor\codeigniter4\framework\system\CodeIgniter.php(318): CodeIgniter\CodeIgniter->handleRequest(NULL, Object(Config\Cache), false)
#8 C:\xampp\htdocs\webmusholla\public\index.php(37): CodeIgniter\CodeIgniter->run()
#9 C:\xampp\htdocs\webmusholla\vendor\codeigniter4\framework\system\Commands\Server\rewrite.php(43): require_once('C:\\xampp\\htdocs...')
#10 {main}
