CRITICAL - 2022-01-04 10:59:15 --> Undefined property: CodeIgniter\View\View::$KegiatanModel
#0 C:\xampp\htdocs\webmusholla\app\Views\admin\index.php(26): CodeIgniter\Debug\Exceptions->errorHandler(2, 'Undefined prope...', 'C:\\xampp\\htdocs...', 26)
#1 C:\xampp\htdocs\webmusholla\vendor\codeigniter4\framework\system\View\View.php(214): include('C:\\xampp\\htdocs...')
#2 C:\xampp\htdocs\webmusholla\vendor\codeigniter4\framework\system\View\View.php(217): CodeIgniter\View\View->CodeIgniter\View\{closure}()
#3 C:\xampp\htdocs\webmusholla\vendor\codeigniter4\framework\system\Common.php(1097): CodeIgniter\View\View->render('admin/index', Array, true)
#4 C:\xampp\htdocs\webmusholla\app\Controllers\Admin.php(20): view('admin/index', Array)
#5 C:\xampp\htdocs\webmusholla\vendor\codeigniter4\framework\system\CodeIgniter.php(824): App\Controllers\Admin->index()
#6 C:\xampp\htdocs\webmusholla\vendor\codeigniter4\framework\system\CodeIgniter.php(410): CodeIgniter\CodeIgniter->runController(Object(App\Controllers\Admin))
#7 C:\xampp\htdocs\webmusholla\vendor\codeigniter4\framework\system\CodeIgniter.php(318): CodeIgniter\CodeIgniter->handleRequest(NULL, Object(Config\Cache), false)
#8 C:\xampp\htdocs\webmusholla\public\index.php(37): CodeIgniter\CodeIgniter->run()
#9 C:\xampp\htdocs\webmusholla\vendor\codeigniter4\framework\system\Commands\Server\rewrite.php(43): require_once('C:\\xampp\\htdocs...')
#10 {main}
CRITICAL - 2022-01-04 11:00:29 --> Undefined property: CodeIgniter\View\View::$KegiatanModel
#0 C:\xampp\htdocs\webmusholla\app\Views\admin\index.php(26): CodeIgniter\Debug\Exceptions->errorHandler(2, 'Undefined prope...', 'C:\\xampp\\htdocs...', 26)
#1 C:\xampp\htdocs\webmusholla\vendor\codeigniter4\framework\system\View\View.php(214): include('C:\\xampp\\htdocs...')
#2 C:\xampp\htdocs\webmusholla\vendor\codeigniter4\framework\system\View\View.php(217): CodeIgniter\View\View->CodeIgniter\View\{closure}()
#3 C:\xampp\htdocs\webmusholla\vendor\codeigniter4\framework\system\Common.php(1097): CodeIgniter\View\View->render('admin/index', Array, true)
#4 C:\xampp\htdocs\webmusholla\app\Controllers\Admin.php(20): view('admin/index', Array)
#5 C:\xampp\htdocs\webmusholla\vendor\codeigniter4\framework\system\CodeIgniter.php(824): App\Controllers\Admin->index()
#6 C:\xampp\htdocs\webmusholla\vendor\codeigniter4\framework\system\CodeIgniter.php(410): CodeIgniter\CodeIgniter->runController(Object(App\Controllers\Admin))
#7 C:\xampp\htdocs\webmusholla\vendor\codeigniter4\framework\system\CodeIgniter.php(318): CodeIgniter\CodeIgniter->handleRequest(NULL, Object(Config\Cache), false)
#8 C:\xampp\htdocs\webmusholla\public\index.php(37): CodeIgniter\CodeIgniter->run()
#9 C:\xampp\htdocs\webmusholla\vendor\codeigniter4\framework\system\Commands\Server\rewrite.php(43): require_once('C:\\xampp\\htdocs...')
#10 {main}
CRITICAL - 2022-01-04 11:05:16 --> Undefined property: CodeIgniter\View\View::$KegiatanModel
#0 C:\xampp\htdocs\webmusholla\app\Views\admin\index.php(24): CodeIgniter\Debug\Exceptions->errorHandler(2, 'Undefined prope...', 'C:\\xampp\\htdocs...', 24)
#1 C:\xampp\htdocs\webmusholla\vendor\codeigniter4\framework\system\View\View.php(214): include('C:\\xampp\\htdocs...')
#2 C:\xampp\htdocs\webmusholla\vendor\codeigniter4\framework\system\View\View.php(217): CodeIgniter\View\View->CodeIgniter\View\{closure}()
#3 C:\xampp\htdocs\webmusholla\vendor\codeigniter4\framework\system\Common.php(1097): CodeIgniter\View\View->render('admin/index', Array, true)
#4 C:\xampp\htdocs\webmusholla\app\Controllers\Admin.php(20): view('admin/index', Array)
#5 C:\xampp\htdocs\webmusholla\vendor\codeigniter4\framework\system\CodeIgniter.php(824): App\Controllers\Admin->index()
#6 C:\xampp\htdocs\webmusholla\vendor\codeigniter4\framework\system\CodeIgniter.php(410): CodeIgniter\CodeIgniter->runController(Object(App\Controllers\Admin))
#7 C:\xampp\htdocs\webmusholla\vendor\codeigniter4\framework\system\CodeIgniter.php(318): CodeIgniter\CodeIgniter->handleRequest(NULL, Object(Config\Cache), false)
#8 C:\xampp\htdocs\webmusholla\public\index.php(37): CodeIgniter\CodeIgniter->run()
#9 C:\xampp\htdocs\webmusholla\vendor\codeigniter4\framework\system\Commands\Server\rewrite.php(43): require_once('C:\\xampp\\htdocs...')
#10 {main}
CRITICAL - 2022-01-04 11:06:02 --> Undefined property: CodeIgniter\View\View::$Kegiatan
#0 C:\xampp\htdocs\webmusholla\app\Views\admin\index.php(24): CodeIgniter\Debug\Exceptions->errorHandler(2, 'Undefined prope...', 'C:\\xampp\\htdocs...', 24)
#1 C:\xampp\htdocs\webmusholla\vendor\codeigniter4\framework\system\View\View.php(214): include('C:\\xampp\\htdocs...')
#2 C:\xampp\htdocs\webmusholla\vendor\codeigniter4\framework\system\View\View.php(217): CodeIgniter\View\View->CodeIgniter\View\{closure}()
#3 C:\xampp\htdocs\webmusholla\vendor\codeigniter4\framework\system\Common.php(1097): CodeIgniter\View\View->render('admin/index', Array, true)
#4 C:\xampp\htdocs\webmusholla\app\Controllers\Admin.php(20): view('admin/index', Array)
#5 C:\xampp\htdocs\webmusholla\vendor\codeigniter4\framework\system\CodeIgniter.php(824): App\Controllers\Admin->index()
#6 C:\xampp\htdocs\webmusholla\vendor\codeigniter4\framework\system\CodeIgniter.php(410): CodeIgniter\CodeIgniter->runController(Object(App\Controllers\Admin))
#7 C:\xampp\htdocs\webmusholla\vendor\codeigniter4\framework\system\CodeIgniter.php(318): CodeIgniter\CodeIgniter->handleRequest(NULL, Object(Config\Cache), false)
#8 C:\xampp\htdocs\webmusholla\public\index.php(37): CodeIgniter\CodeIgniter->run()
#9 C:\xampp\htdocs\webmusholla\vendor\codeigniter4\framework\system\Commands\Server\rewrite.php(43): require_once('C:\\xampp\\htdocs...')
#10 {main}
CRITICAL - 2022-01-04 11:10:18 --> Call to undefined method CodeIgniter\View\View::where()
#0 C:\xampp\htdocs\webmusholla\vendor\codeigniter4\framework\system\View\View.php(214): include()
#1 C:\xampp\htdocs\webmusholla\vendor\codeigniter4\framework\system\View\View.php(217): CodeIgniter\View\View->CodeIgniter\View\{closure}()
#2 C:\xampp\htdocs\webmusholla\vendor\codeigniter4\framework\system\Common.php(1097): CodeIgniter\View\View->render('admin/index', Array, true)
#3 C:\xampp\htdocs\webmusholla\app\Controllers\Admin.php(20): view('admin/index', Array)
#4 C:\xampp\htdocs\webmusholla\vendor\codeigniter4\framework\system\CodeIgniter.php(824): App\Controllers\Admin->index()
#5 C:\xampp\htdocs\webmusholla\vendor\codeigniter4\framework\system\CodeIgniter.php(410): CodeIgniter\CodeIgniter->runController(Object(App\Controllers\Admin))
#6 C:\xampp\htdocs\webmusholla\vendor\codeigniter4\framework\system\CodeIgniter.php(318): CodeIgniter\CodeIgniter->handleRequest(NULL, Object(Config\Cache), false)
#7 C:\xampp\htdocs\webmusholla\public\index.php(37): CodeIgniter\CodeIgniter->run()
#8 C:\xampp\htdocs\webmusholla\vendor\codeigniter4\framework\system\Commands\Server\rewrite.php(43): require_once('C:\\xampp\\htdocs...')
#9 {main}
CRITICAL - 2022-01-04 11:10:57 --> Call to undefined method CodeIgniter\View\View::where()
#0 C:\xampp\htdocs\webmusholla\vendor\codeigniter4\framework\system\View\View.php(214): include()
#1 C:\xampp\htdocs\webmusholla\vendor\codeigniter4\framework\system\View\View.php(217): CodeIgniter\View\View->CodeIgniter\View\{closure}()
#2 C:\xampp\htdocs\webmusholla\vendor\codeigniter4\framework\system\Common.php(1097): CodeIgniter\View\View->render('admin/index', Array, true)
#3 C:\xampp\htdocs\webmusholla\app\Controllers\Admin.php(20): view('admin/index', Array)
#4 C:\xampp\htdocs\webmusholla\vendor\codeigniter4\framework\system\CodeIgniter.php(824): App\Controllers\Admin->index()
#5 C:\xampp\htdocs\webmusholla\vendor\codeigniter4\framework\system\CodeIgniter.php(410): CodeIgniter\CodeIgniter->runController(Object(App\Controllers\Admin))
#6 C:\xampp\htdocs\webmusholla\vendor\codeigniter4\framework\system\CodeIgniter.php(318): CodeIgniter\CodeIgniter->handleRequest(NULL, Object(Config\Cache), false)
#7 C:\xampp\htdocs\webmusholla\public\index.php(37): CodeIgniter\CodeIgniter->run()
#8 C:\xampp\htdocs\webmusholla\vendor\codeigniter4\framework\system\Commands\Server\rewrite.php(43): require_once('C:\\xampp\\htdocs...')
#9 {main}
CRITICAL - 2022-01-04 11:12:01 --> Call to undefined method CodeIgniter\View\View::findAll()
#0 C:\xampp\htdocs\webmusholla\vendor\codeigniter4\framework\system\View\View.php(214): include()
#1 C:\xampp\htdocs\webmusholla\vendor\codeigniter4\framework\system\View\View.php(217): CodeIgniter\View\View->CodeIgniter\View\{closure}()
#2 C:\xampp\htdocs\webmusholla\vendor\codeigniter4\framework\system\Common.php(1097): CodeIgniter\View\View->render('admin/index', Array, true)
#3 C:\xampp\htdocs\webmusholla\app\Controllers\Admin.php(20): view('admin/index', Array)
#4 C:\xampp\htdocs\webmusholla\vendor\codeigniter4\framework\system\CodeIgniter.php(824): App\Controllers\Admin->index()
#5 C:\xampp\htdocs\webmusholla\vendor\codeigniter4\framework\system\CodeIgniter.php(410): CodeIgniter\CodeIgniter->runController(Object(App\Controllers\Admin))
#6 C:\xampp\htdocs\webmusholla\vendor\codeigniter4\framework\system\CodeIgniter.php(318): CodeIgniter\CodeIgniter->handleRequest(NULL, Object(Config\Cache), false)
#7 C:\xampp\htdocs\webmusholla\public\index.php(37): CodeIgniter\CodeIgniter->run()
#8 C:\xampp\htdocs\webmusholla\vendor\codeigniter4\framework\system\Commands\Server\rewrite.php(43): require_once('C:\\xampp\\htdocs...')
#9 {main}
CRITICAL - 2022-01-04 11:30:43 --> Undefined variable $tot_kegiatan
#0 C:\xampp\htdocs\webmusholla\app\Views\admin\index.php(24): CodeIgniter\Debug\Exceptions->errorHandler(2, 'Undefined varia...', 'C:\\xampp\\htdocs...', 24)
#1 C:\xampp\htdocs\webmusholla\vendor\codeigniter4\framework\system\View\View.php(214): include('C:\\xampp\\htdocs...')
#2 C:\xampp\htdocs\webmusholla\vendor\codeigniter4\framework\system\View\View.php(217): CodeIgniter\View\View->CodeIgniter\View\{closure}()
#3 C:\xampp\htdocs\webmusholla\vendor\codeigniter4\framework\system\Common.php(1097): CodeIgniter\View\View->render('admin/index', Array, true)
#4 C:\xampp\htdocs\webmusholla\app\Controllers\Admin.php(20): view('admin/index', Array)
#5 C:\xampp\htdocs\webmusholla\vendor\codeigniter4\framework\system\CodeIgniter.php(824): App\Controllers\Admin->index()
#6 C:\xampp\htdocs\webmusholla\vendor\codeigniter4\framework\system\CodeIgniter.php(410): CodeIgniter\CodeIgniter->runController(Object(App\Controllers\Admin))
#7 C:\xampp\htdocs\webmusholla\vendor\codeigniter4\framework\system\CodeIgniter.php(318): CodeIgniter\CodeIgniter->handleRequest(NULL, Object(Config\Cache), false)
#8 C:\xampp\htdocs\webmusholla\public\index.php(37): CodeIgniter\CodeIgniter->run()
#9 C:\xampp\htdocs\webmusholla\vendor\codeigniter4\framework\system\Commands\Server\rewrite.php(43): require_once('C:\\xampp\\htdocs...')
#10 {main}
CRITICAL - 2022-01-04 11:48:15 --> Undefined variable $AllKegiatan
#0 C:\xampp\htdocs\webmusholla\app\Views\admin\index.php(24): CodeIgniter\Debug\Exceptions->errorHandler(2, 'Undefined varia...', 'C:\\xampp\\htdocs...', 24)
#1 C:\xampp\htdocs\webmusholla\vendor\codeigniter4\framework\system\View\View.php(214): include('C:\\xampp\\htdocs...')
#2 C:\xampp\htdocs\webmusholla\vendor\codeigniter4\framework\system\View\View.php(217): CodeIgniter\View\View->CodeIgniter\View\{closure}()
#3 C:\xampp\htdocs\webmusholla\vendor\codeigniter4\framework\system\Common.php(1097): CodeIgniter\View\View->render('admin/index', Array, true)
#4 C:\xampp\htdocs\webmusholla\app\Controllers\Admin.php(20): view('admin/index', Array)
#5 C:\xampp\htdocs\webmusholla\vendor\codeigniter4\framework\system\CodeIgniter.php(824): App\Controllers\Admin->index()
#6 C:\xampp\htdocs\webmusholla\vendor\codeigniter4\framework\system\CodeIgniter.php(410): CodeIgniter\CodeIgniter->runController(Object(App\Controllers\Admin))
#7 C:\xampp\htdocs\webmusholla\vendor\codeigniter4\framework\system\CodeIgniter.php(318): CodeIgniter\CodeIgniter->handleRequest(NULL, Object(Config\Cache), false)
#8 C:\xampp\htdocs\webmusholla\public\index.php(37): CodeIgniter\CodeIgniter->run()
#9 C:\xampp\htdocs\webmusholla\vendor\codeigniter4\framework\system\Commands\Server\rewrite.php(43): require_once('C:\\xampp\\htdocs...')
#10 {main}
CRITICAL - 2022-01-04 11:49:52 --> Undefined variable $Allkegiatan
#0 C:\xampp\htdocs\webmusholla\app\Views\admin\index.php(24): CodeIgniter\Debug\Exceptions->errorHandler(2, 'Undefined varia...', 'C:\\xampp\\htdocs...', 24)
#1 C:\xampp\htdocs\webmusholla\vendor\codeigniter4\framework\system\View\View.php(214): include('C:\\xampp\\htdocs...')
#2 C:\xampp\htdocs\webmusholla\vendor\codeigniter4\framework\system\View\View.php(217): CodeIgniter\View\View->CodeIgniter\View\{closure}()
#3 C:\xampp\htdocs\webmusholla\vendor\codeigniter4\framework\system\Common.php(1097): CodeIgniter\View\View->render('admin/index', Array, true)
#4 C:\xampp\htdocs\webmusholla\app\Controllers\Admin.php(20): view('admin/index', Array)
#5 C:\xampp\htdocs\webmusholla\vendor\codeigniter4\framework\system\CodeIgniter.php(824): App\Controllers\Admin->index()
#6 C:\xampp\htdocs\webmusholla\vendor\codeigniter4\framework\system\CodeIgniter.php(410): CodeIgniter\CodeIgniter->runController(Object(App\Controllers\Admin))
#7 C:\xampp\htdocs\webmusholla\vendor\codeigniter4\framework\system\CodeIgniter.php(318): CodeIgniter\CodeIgniter->handleRequest(NULL, Object(Config\Cache), false)
#8 C:\xampp\htdocs\webmusholla\public\index.php(37): CodeIgniter\CodeIgniter->run()
#9 C:\xampp\htdocs\webmusholla\vendor\codeigniter4\framework\system\Commands\Server\rewrite.php(43): require_once('C:\\xampp\\htdocs...')
#10 {main}
CRITICAL - 2022-01-04 11:50:52 --> Undefined variable $Allkegiatan
#0 C:\xampp\htdocs\webmusholla\app\Views\admin\index.php(24): CodeIgniter\Debug\Exceptions->errorHandler(2, 'Undefined varia...', 'C:\\xampp\\htdocs...', 24)
#1 C:\xampp\htdocs\webmusholla\vendor\codeigniter4\framework\system\View\View.php(214): include('C:\\xampp\\htdocs...')
#2 C:\xampp\htdocs\webmusholla\vendor\codeigniter4\framework\system\View\View.php(217): CodeIgniter\View\View->CodeIgniter\View\{closure}()
#3 C:\xampp\htdocs\webmusholla\vendor\codeigniter4\framework\system\Common.php(1097): CodeIgniter\View\View->render('admin/index', Array, true)
#4 C:\xampp\htdocs\webmusholla\app\Controllers\Admin.php(20): view('admin/index', Array)
#5 C:\xampp\htdocs\webmusholla\vendor\codeigniter4\framework\system\CodeIgniter.php(824): App\Controllers\Admin->index()
#6 C:\xampp\htdocs\webmusholla\vendor\codeigniter4\framework\system\CodeIgniter.php(410): CodeIgniter\CodeIgniter->runController(Object(App\Controllers\Admin))
#7 C:\xampp\htdocs\webmusholla\vendor\codeigniter4\framework\system\CodeIgniter.php(318): CodeIgniter\CodeIgniter->handleRequest(NULL, Object(Config\Cache), false)
#8 C:\xampp\htdocs\webmusholla\public\index.php(37): CodeIgniter\CodeIgniter->run()
#9 C:\xampp\htdocs\webmusholla\vendor\codeigniter4\framework\system\Commands\Server\rewrite.php(43): require_once('C:\\xampp\\htdocs...')
#10 {main}
CRITICAL - 2022-01-04 11:50:54 --> Undefined variable $Allkegiatan
#0 C:\xampp\htdocs\webmusholla\app\Views\admin\index.php(24): CodeIgniter\Debug\Exceptions->errorHandler(2, 'Undefined varia...', 'C:\\xampp\\htdocs...', 24)
#1 C:\xampp\htdocs\webmusholla\vendor\codeigniter4\framework\system\View\View.php(214): include('C:\\xampp\\htdocs...')
#2 C:\xampp\htdocs\webmusholla\vendor\codeigniter4\framework\system\View\View.php(217): CodeIgniter\View\View->CodeIgniter\View\{closure}()
#3 C:\xampp\htdocs\webmusholla\vendor\codeigniter4\framework\system\Common.php(1097): CodeIgniter\View\View->render('admin/index', Array, true)
#4 C:\xampp\htdocs\webmusholla\app\Controllers\Admin.php(20): view('admin/index', Array)
#5 C:\xampp\htdocs\webmusholla\vendor\codeigniter4\framework\system\CodeIgniter.php(824): App\Controllers\Admin->index()
#6 C:\xampp\htdocs\webmusholla\vendor\codeigniter4\framework\system\CodeIgniter.php(410): CodeIgniter\CodeIgniter->runController(Object(App\Controllers\Admin))
#7 C:\xampp\htdocs\webmusholla\vendor\codeigniter4\framework\system\CodeIgniter.php(318): CodeIgniter\CodeIgniter->handleRequest(NULL, Object(Config\Cache), false)
#8 C:\xampp\htdocs\webmusholla\public\index.php(37): CodeIgniter\CodeIgniter->run()
#9 C:\xampp\htdocs\webmusholla\vendor\codeigniter4\framework\system\Commands\Server\rewrite.php(43): require_once('C:\\xampp\\htdocs...')
#10 {main}
CRITICAL - 2022-01-04 11:52:23 --> Undefined variable $kegiatan
#0 C:\xampp\htdocs\webmusholla\app\Views\admin\index.php(24): CodeIgniter\Debug\Exceptions->errorHandler(2, 'Undefined varia...', 'C:\\xampp\\htdocs...', 24)
#1 C:\xampp\htdocs\webmusholla\vendor\codeigniter4\framework\system\View\View.php(214): include('C:\\xampp\\htdocs...')
#2 C:\xampp\htdocs\webmusholla\vendor\codeigniter4\framework\system\View\View.php(217): CodeIgniter\View\View->CodeIgniter\View\{closure}()
#3 C:\xampp\htdocs\webmusholla\vendor\codeigniter4\framework\system\Common.php(1097): CodeIgniter\View\View->render('admin/index', Array, true)
#4 C:\xampp\htdocs\webmusholla\app\Controllers\Admin.php(20): view('admin/index', Array)
#5 C:\xampp\htdocs\webmusholla\vendor\codeigniter4\framework\system\CodeIgniter.php(824): App\Controllers\Admin->index()
#6 C:\xampp\htdocs\webmusholla\vendor\codeigniter4\framework\system\CodeIgniter.php(410): CodeIgniter\CodeIgniter->runController(Object(App\Controllers\Admin))
#7 C:\xampp\htdocs\webmusholla\vendor\codeigniter4\framework\system\CodeIgniter.php(318): CodeIgniter\CodeIgniter->handleRequest(NULL, Object(Config\Cache), false)
#8 C:\xampp\htdocs\webmusholla\public\index.php(37): CodeIgniter\CodeIgniter->run()
#9 C:\xampp\htdocs\webmusholla\vendor\codeigniter4\framework\system\Commands\Server\rewrite.php(43): require_once('C:\\xampp\\htdocs...')
#10 {main}
CRITICAL - 2022-01-04 11:52:31 --> Undefined variable $kegiatan
#0 C:\xampp\htdocs\webmusholla\app\Views\admin\index.php(24): CodeIgniter\Debug\Exceptions->errorHandler(2, 'Undefined varia...', 'C:\\xampp\\htdocs...', 24)
#1 C:\xampp\htdocs\webmusholla\vendor\codeigniter4\framework\system\View\View.php(214): include('C:\\xampp\\htdocs...')
#2 C:\xampp\htdocs\webmusholla\vendor\codeigniter4\framework\system\View\View.php(217): CodeIgniter\View\View->CodeIgniter\View\{closure}()
#3 C:\xampp\htdocs\webmusholla\vendor\codeigniter4\framework\system\Common.php(1097): CodeIgniter\View\View->render('admin/index', Array, true)
#4 C:\xampp\htdocs\webmusholla\app\Controllers\Admin.php(20): view('admin/index', Array)
#5 C:\xampp\htdocs\webmusholla\vendor\codeigniter4\framework\system\CodeIgniter.php(824): App\Controllers\Admin->index()
#6 C:\xampp\htdocs\webmusholla\vendor\codeigniter4\framework\system\CodeIgniter.php(410): CodeIgniter\CodeIgniter->runController(Object(App\Controllers\Admin))
#7 C:\xampp\htdocs\webmusholla\vendor\codeigniter4\framework\system\CodeIgniter.php(318): CodeIgniter\CodeIgniter->handleRequest(NULL, Object(Config\Cache), false)
#8 C:\xampp\htdocs\webmusholla\public\index.php(37): CodeIgniter\CodeIgniter->run()
#9 C:\xampp\htdocs\webmusholla\vendor\codeigniter4\framework\system\Commands\Server\rewrite.php(43): require_once('C:\\xampp\\htdocs...')
#10 {main}
CRITICAL - 2022-01-04 11:55:41 --> Undefined variable $Allkegiatan
#0 C:\xampp\htdocs\webmusholla\app\Views\admin\index.php(24): CodeIgniter\Debug\Exceptions->errorHandler(2, 'Undefined varia...', 'C:\\xampp\\htdocs...', 24)
#1 C:\xampp\htdocs\webmusholla\vendor\codeigniter4\framework\system\View\View.php(214): include('C:\\xampp\\htdocs...')
#2 C:\xampp\htdocs\webmusholla\vendor\codeigniter4\framework\system\View\View.php(217): CodeIgniter\View\View->CodeIgniter\View\{closure}()
#3 C:\xampp\htdocs\webmusholla\vendor\codeigniter4\framework\system\Common.php(1097): CodeIgniter\View\View->render('admin/index', Array, true)
#4 C:\xampp\htdocs\webmusholla\app\Controllers\Admin.php(20): view('admin/index', Array)
#5 C:\xampp\htdocs\webmusholla\vendor\codeigniter4\framework\system\CodeIgniter.php(824): App\Controllers\Admin->index()
#6 C:\xampp\htdocs\webmusholla\vendor\codeigniter4\framework\system\CodeIgniter.php(410): CodeIgniter\CodeIgniter->runController(Object(App\Controllers\Admin))
#7 C:\xampp\htdocs\webmusholla\vendor\codeigniter4\framework\system\CodeIgniter.php(318): CodeIgniter\CodeIgniter->handleRequest(NULL, Object(Config\Cache), false)
#8 C:\xampp\htdocs\webmusholla\public\index.php(37): CodeIgniter\CodeIgniter->run()
#9 C:\xampp\htdocs\webmusholla\vendor\codeigniter4\framework\system\Commands\Server\rewrite.php(43): require_once('C:\\xampp\\htdocs...')
#10 {main}
CRITICAL - 2022-01-04 11:56:06 --> Undefined variable $Allkegiatan
#0 C:\xampp\htdocs\webmusholla\app\Views\admin\index.php(24): CodeIgniter\Debug\Exceptions->errorHandler(2, 'Undefined varia...', 'C:\\xampp\\htdocs...', 24)
#1 C:\xampp\htdocs\webmusholla\vendor\codeigniter4\framework\system\View\View.php(214): include('C:\\xampp\\htdocs...')
#2 C:\xampp\htdocs\webmusholla\vendor\codeigniter4\framework\system\View\View.php(217): CodeIgniter\View\View->CodeIgniter\View\{closure}()
#3 C:\xampp\htdocs\webmusholla\vendor\codeigniter4\framework\system\Common.php(1097): CodeIgniter\View\View->render('admin/index', Array, true)
#4 C:\xampp\htdocs\webmusholla\app\Controllers\Admin.php(20): view('admin/index', Array)
#5 C:\xampp\htdocs\webmusholla\vendor\codeigniter4\framework\system\CodeIgniter.php(824): App\Controllers\Admin->index()
#6 C:\xampp\htdocs\webmusholla\vendor\codeigniter4\framework\system\CodeIgniter.php(410): CodeIgniter\CodeIgniter->runController(Object(App\Controllers\Admin))
#7 C:\xampp\htdocs\webmusholla\vendor\codeigniter4\framework\system\CodeIgniter.php(318): CodeIgniter\CodeIgniter->handleRequest(NULL, Object(Config\Cache), false)
#8 C:\xampp\htdocs\webmusholla\public\index.php(37): CodeIgniter\CodeIgniter->run()
#9 C:\xampp\htdocs\webmusholla\vendor\codeigniter4\framework\system\Commands\Server\rewrite.php(43): require_once('C:\\xampp\\htdocs...')
#10 {main}
CRITICAL - 2022-01-04 11:59:11 --> Undefined variable $Allkegiatan
#0 C:\xampp\htdocs\webmusholla\app\Views\admin\index.php(24): CodeIgniter\Debug\Exceptions->errorHandler(2, 'Undefined varia...', 'C:\\xampp\\htdocs...', 24)
#1 C:\xampp\htdocs\webmusholla\vendor\codeigniter4\framework\system\View\View.php(214): include('C:\\xampp\\htdocs...')
#2 C:\xampp\htdocs\webmusholla\vendor\codeigniter4\framework\system\View\View.php(217): CodeIgniter\View\View->CodeIgniter\View\{closure}()
#3 C:\xampp\htdocs\webmusholla\vendor\codeigniter4\framework\system\Common.php(1097): CodeIgniter\View\View->render('admin/index', Array, true)
#4 C:\xampp\htdocs\webmusholla\app\Controllers\Admin.php(20): view('admin/index', Array)
#5 C:\xampp\htdocs\webmusholla\vendor\codeigniter4\framework\system\CodeIgniter.php(824): App\Controllers\Admin->index()
#6 C:\xampp\htdocs\webmusholla\vendor\codeigniter4\framework\system\CodeIgniter.php(410): CodeIgniter\CodeIgniter->runController(Object(App\Controllers\Admin))
#7 C:\xampp\htdocs\webmusholla\vendor\codeigniter4\framework\system\CodeIgniter.php(318): CodeIgniter\CodeIgniter->handleRequest(NULL, Object(Config\Cache), false)
#8 C:\xampp\htdocs\webmusholla\public\index.php(37): CodeIgniter\CodeIgniter->run()
#9 C:\xampp\htdocs\webmusholla\vendor\codeigniter4\framework\system\Commands\Server\rewrite.php(43): require_once('C:\\xampp\\htdocs...')
#10 {main}
CRITICAL - 2022-01-04 12:01:04 --> Attempt to read property "num_rows" on null
#0 C:\xampp\htdocs\webmusholla\app\Controllers\Kegiatan.php(21): CodeIgniter\Debug\Exceptions->errorHandler(2, 'Attempt to read...', 'C:\\xampp\\htdocs...', 21)
#1 C:\xampp\htdocs\webmusholla\vendor\codeigniter4\framework\system\CodeIgniter.php(824): App\Controllers\Kegiatan->index()
#2 C:\xampp\htdocs\webmusholla\vendor\codeigniter4\framework\system\CodeIgniter.php(410): CodeIgniter\CodeIgniter->runController(Object(App\Controllers\Kegiatan))
#3 C:\xampp\htdocs\webmusholla\vendor\codeigniter4\framework\system\CodeIgniter.php(318): CodeIgniter\CodeIgniter->handleRequest(NULL, Object(Config\Cache), false)
#4 C:\xampp\htdocs\webmusholla\public\index.php(37): CodeIgniter\CodeIgniter->run()
#5 C:\xampp\htdocs\webmusholla\vendor\codeigniter4\framework\system\Commands\Server\rewrite.php(43): require_once('C:\\xampp\\htdocs...')
#6 {main}
CRITICAL - 2022-01-04 12:04:01 --> You do not have sufficient permissions to access that page.
#0 C:\xampp\htdocs\webmusholla\vendor\codeigniter4\framework\system\Filters\Filters.php(173): Myth\Auth\Filters\RoleFilter->before(Object(CodeIgniter\HTTP\IncomingRequest), Array)
#1 C:\xampp\htdocs\webmusholla\vendor\codeigniter4\framework\system\CodeIgniter.php(384): CodeIgniter\Filters\Filters->run('admin', 'before')
#2 C:\xampp\htdocs\webmusholla\vendor\codeigniter4\framework\system\CodeIgniter.php(318): CodeIgniter\CodeIgniter->handleRequest(NULL, Object(Config\Cache), false)
#3 C:\xampp\htdocs\webmusholla\public\index.php(37): CodeIgniter\CodeIgniter->run()
#4 C:\xampp\htdocs\webmusholla\vendor\codeigniter4\framework\system\Commands\Server\rewrite.php(43): require_once('C:\\xampp\\htdocs...')
#5 {main}
CRITICAL - 2022-01-04 12:04:05 --> You do not have sufficient permissions to access that page.
#0 C:\xampp\htdocs\webmusholla\vendor\codeigniter4\framework\system\Filters\Filters.php(173): Myth\Auth\Filters\RoleFilter->before(Object(CodeIgniter\HTTP\IncomingRequest), Array)
#1 C:\xampp\htdocs\webmusholla\vendor\codeigniter4\framework\system\CodeIgniter.php(384): CodeIgniter\Filters\Filters->run('admin', 'before')
#2 C:\xampp\htdocs\webmusholla\vendor\codeigniter4\framework\system\CodeIgniter.php(318): CodeIgniter\CodeIgniter->handleRequest(NULL, Object(Config\Cache), false)
#3 C:\xampp\htdocs\webmusholla\public\index.php(37): CodeIgniter\CodeIgniter->run()
#4 C:\xampp\htdocs\webmusholla\vendor\codeigniter4\framework\system\Commands\Server\rewrite.php(43): require_once('C:\\xampp\\htdocs...')
#5 {main}
CRITICAL - 2022-01-04 12:20:07 --> Undefined property: App\Controllers\Admin::$KegiatanModel
#0 C:\xampp\htdocs\webmusholla\app\Controllers\Admin.php(19): CodeIgniter\Debug\Exceptions->errorHandler(2, 'Undefined prope...', 'C:\\xampp\\htdocs...', 19)
#1 C:\xampp\htdocs\webmusholla\vendor\codeigniter4\framework\system\CodeIgniter.php(824): App\Controllers\Admin->index()
#2 C:\xampp\htdocs\webmusholla\vendor\codeigniter4\framework\system\CodeIgniter.php(410): CodeIgniter\CodeIgniter->runController(Object(App\Controllers\Admin))
#3 C:\xampp\htdocs\webmusholla\vendor\codeigniter4\framework\system\CodeIgniter.php(318): CodeIgniter\CodeIgniter->handleRequest(NULL, Object(Config\Cache), false)
#4 C:\xampp\htdocs\webmusholla\public\index.php(37): CodeIgniter\CodeIgniter->run()
#5 C:\xampp\htdocs\webmusholla\vendor\codeigniter4\framework\system\Commands\Server\rewrite.php(43): require_once('C:\\xampp\\htdocs...')
#6 {main}
CRITICAL - 2022-01-04 12:21:52 --> Undefined property: App\Controllers\Admin::$KegiatanModel
#0 C:\xampp\htdocs\webmusholla\app\Controllers\Admin.php(20): CodeIgniter\Debug\Exceptions->errorHandler(2, 'Undefined prope...', 'C:\\xampp\\htdocs...', 20)
#1 C:\xampp\htdocs\webmusholla\vendor\codeigniter4\framework\system\CodeIgniter.php(824): App\Controllers\Admin->index()
#2 C:\xampp\htdocs\webmusholla\vendor\codeigniter4\framework\system\CodeIgniter.php(410): CodeIgniter\CodeIgniter->runController(Object(App\Controllers\Admin))
#3 C:\xampp\htdocs\webmusholla\vendor\codeigniter4\framework\system\CodeIgniter.php(318): CodeIgniter\CodeIgniter->handleRequest(NULL, Object(Config\Cache), false)
#4 C:\xampp\htdocs\webmusholla\public\index.php(37): CodeIgniter\CodeIgniter->run()
#5 C:\xampp\htdocs\webmusholla\vendor\codeigniter4\framework\system\Commands\Server\rewrite.php(43): require_once('C:\\xampp\\htdocs...')
#6 {main}
CRITICAL - 2022-01-04 12:21:53 --> Undefined property: App\Controllers\Admin::$KegiatanModel
#0 C:\xampp\htdocs\webmusholla\app\Controllers\Admin.php(20): CodeIgniter\Debug\Exceptions->errorHandler(2, 'Undefined prope...', 'C:\\xampp\\htdocs...', 20)
#1 C:\xampp\htdocs\webmusholla\vendor\codeigniter4\framework\system\CodeIgniter.php(824): App\Controllers\Admin->index()
#2 C:\xampp\htdocs\webmusholla\vendor\codeigniter4\framework\system\CodeIgniter.php(410): CodeIgniter\CodeIgniter->runController(Object(App\Controllers\Admin))
#3 C:\xampp\htdocs\webmusholla\vendor\codeigniter4\framework\system\CodeIgniter.php(318): CodeIgniter\CodeIgniter->handleRequest(NULL, Object(Config\Cache), false)
#4 C:\xampp\htdocs\webmusholla\public\index.php(37): CodeIgniter\CodeIgniter->run()
#5 C:\xampp\htdocs\webmusholla\vendor\codeigniter4\framework\system\Commands\Server\rewrite.php(43): require_once('C:\\xampp\\htdocs...')
#6 {main}
CRITICAL - 2022-01-04 12:22:32 --> Undefined property: App\Controllers\Admin::$KegiatanModel
#0 C:\xampp\htdocs\webmusholla\app\Controllers\Admin.php(20): CodeIgniter\Debug\Exceptions->errorHandler(2, 'Undefined prope...', 'C:\\xampp\\htdocs...', 20)
#1 C:\xampp\htdocs\webmusholla\vendor\codeigniter4\framework\system\CodeIgniter.php(824): App\Controllers\Admin->index()
#2 C:\xampp\htdocs\webmusholla\vendor\codeigniter4\framework\system\CodeIgniter.php(410): CodeIgniter\CodeIgniter->runController(Object(App\Controllers\Admin))
#3 C:\xampp\htdocs\webmusholla\vendor\codeigniter4\framework\system\CodeIgniter.php(318): CodeIgniter\CodeIgniter->handleRequest(NULL, Object(Config\Cache), false)
#4 C:\xampp\htdocs\webmusholla\public\index.php(37): CodeIgniter\CodeIgniter->run()
#5 C:\xampp\htdocs\webmusholla\vendor\codeigniter4\framework\system\Commands\Server\rewrite.php(43): require_once('C:\\xampp\\htdocs...')
#6 {main}
CRITICAL - 2022-01-04 12:24:08 --> Undefined property: App\Controllers\Admin::$KegiatanModel
#0 C:\xampp\htdocs\webmusholla\app\Controllers\Admin.php(20): CodeIgniter\Debug\Exceptions->errorHandler(2, 'Undefined prope...', 'C:\\xampp\\htdocs...', 20)
#1 C:\xampp\htdocs\webmusholla\vendor\codeigniter4\framework\system\CodeIgniter.php(824): App\Controllers\Admin->index()
#2 C:\xampp\htdocs\webmusholla\vendor\codeigniter4\framework\system\CodeIgniter.php(410): CodeIgniter\CodeIgniter->runController(Object(App\Controllers\Admin))
#3 C:\xampp\htdocs\webmusholla\vendor\codeigniter4\framework\system\CodeIgniter.php(318): CodeIgniter\CodeIgniter->handleRequest(NULL, Object(Config\Cache), false)
#4 C:\xampp\htdocs\webmusholla\public\index.php(37): CodeIgniter\CodeIgniter->run()
#5 C:\xampp\htdocs\webmusholla\vendor\codeigniter4\framework\system\Commands\Server\rewrite.php(43): require_once('C:\\xampp\\htdocs...')
#6 {main}
