CRITICAL - 2021-12-29 06:47:25 --> Undefined variable $user
#0 C:\xampp\htdocs\webmusholla\app\Views\kegiatan\index.php(21): CodeIgniter\Debug\Exceptions->errorHandler(2, 'Undefined varia...', 'C:\\xampp\\htdocs...', 21)
#1 C:\xampp\htdocs\webmusholla\vendor\codeigniter4\framework\system\View\View.php(214): include('C:\\xampp\\htdocs...')
#2 C:\xampp\htdocs\webmusholla\vendor\codeigniter4\framework\system\View\View.php(217): CodeIgniter\View\View->CodeIgniter\View\{closure}()
#3 C:\xampp\htdocs\webmusholla\vendor\codeigniter4\framework\system\Common.php(1097): CodeIgniter\View\View->render('kegiatan/index', Array, true)
#4 C:\xampp\htdocs\webmusholla\app\Controllers\Kegiatan.php(12): view('kegiatan/index', Array)
#5 C:\xampp\htdocs\webmusholla\vendor\codeigniter4\framework\system\CodeIgniter.php(824): App\Controllers\Kegiatan->index()
#6 C:\xampp\htdocs\webmusholla\vendor\codeigniter4\framework\system\CodeIgniter.php(410): CodeIgniter\CodeIgniter->runController(Object(App\Controllers\Kegiatan))
#7 C:\xampp\htdocs\webmusholla\vendor\codeigniter4\framework\system\CodeIgniter.php(318): CodeIgniter\CodeIgniter->handleRequest(NULL, Object(Config\Cache), false)
#8 C:\xampp\htdocs\webmusholla\public\index.php(37): CodeIgniter\CodeIgniter->run()
#9 C:\xampp\htdocs\webmusholla\vendor\codeigniter4\framework\system\Commands\Server\rewrite.php(43): require_once('C:\\xampp\\htdocs...')
#10 {main}
CRITICAL - 2021-12-29 06:48:59 --> Undefined variable $user
#0 C:\xampp\htdocs\webmusholla\app\Views\kegiatan\index.php(21): CodeIgniter\Debug\Exceptions->errorHandler(2, 'Undefined varia...', 'C:\\xampp\\htdocs...', 21)
#1 C:\xampp\htdocs\webmusholla\vendor\codeigniter4\framework\system\View\View.php(214): include('C:\\xampp\\htdocs...')
#2 C:\xampp\htdocs\webmusholla\vendor\codeigniter4\framework\system\View\View.php(217): CodeIgniter\View\View->CodeIgniter\View\{closure}()
#3 C:\xampp\htdocs\webmusholla\vendor\codeigniter4\framework\system\Common.php(1097): CodeIgniter\View\View->render('kegiatan/index', Array, true)
#4 C:\xampp\htdocs\webmusholla\app\Controllers\Kegiatan.php(12): view('kegiatan/index', Array)
#5 C:\xampp\htdocs\webmusholla\vendor\codeigniter4\framework\system\CodeIgniter.php(824): App\Controllers\Kegiatan->index()
#6 C:\xampp\htdocs\webmusholla\vendor\codeigniter4\framework\system\CodeIgniter.php(410): CodeIgniter\CodeIgniter->runController(Object(App\Controllers\Kegiatan))
#7 C:\xampp\htdocs\webmusholla\vendor\codeigniter4\framework\system\CodeIgniter.php(318): CodeIgniter\CodeIgniter->handleRequest(NULL, Object(Config\Cache), false)
#8 C:\xampp\htdocs\webmusholla\public\index.php(37): CodeIgniter\CodeIgniter->run()
#9 C:\xampp\htdocs\webmusholla\vendor\codeigniter4\framework\system\Commands\Server\rewrite.php(43): require_once('C:\\xampp\\htdocs...')
#10 {main}
CRITICAL - 2021-12-29 07:53:13 --> Undefined variable $k
#0 C:\xampp\htdocs\webmusholla\app\Views\kegiatan\detail.php(11): CodeIgniter\Debug\Exceptions->errorHandler(2, 'Undefined varia...', 'C:\\xampp\\htdocs...', 11)
#1 C:\xampp\htdocs\webmusholla\vendor\codeigniter4\framework\system\View\View.php(214): include('C:\\xampp\\htdocs...')
#2 C:\xampp\htdocs\webmusholla\vendor\codeigniter4\framework\system\View\View.php(217): CodeIgniter\View\View->CodeIgniter\View\{closure}()
#3 C:\xampp\htdocs\webmusholla\vendor\codeigniter4\framework\system\Common.php(1097): CodeIgniter\View\View->render('kegiatan/detail', Array, true)
#4 C:\xampp\htdocs\webmusholla\app\Controllers\Kegiatan.php(34): view('kegiatan/detail', Array)
#5 C:\xampp\htdocs\webmusholla\vendor\codeigniter4\framework\system\CodeIgniter.php(824): App\Controllers\Kegiatan->detail('1')
#6 C:\xampp\htdocs\webmusholla\vendor\codeigniter4\framework\system\CodeIgniter.php(410): CodeIgniter\CodeIgniter->runController(Object(App\Controllers\Kegiatan))
#7 C:\xampp\htdocs\webmusholla\vendor\codeigniter4\framework\system\CodeIgniter.php(318): CodeIgniter\CodeIgniter->handleRequest(NULL, Object(Config\Cache), false)
#8 C:\xampp\htdocs\webmusholla\public\index.php(37): CodeIgniter\CodeIgniter->run()
#9 C:\xampp\htdocs\webmusholla\vendor\codeigniter4\framework\system\Commands\Server\rewrite.php(43): require_once('C:\\xampp\\htdocs...')
#10 {main}
CRITICAL - 2021-12-29 08:02:28 --> You do not have sufficient permissions to access that page.
#0 C:\xampp\htdocs\webmusholla\vendor\codeigniter4\framework\system\Filters\Filters.php(173): Myth\Auth\Filters\RoleFilter->before(Object(CodeIgniter\HTTP\IncomingRequest), Array)
#1 C:\xampp\htdocs\webmusholla\vendor\codeigniter4\framework\system\CodeIgniter.php(384): CodeIgniter\Filters\Filters->run('kegiatan/1', 'before')
#2 C:\xampp\htdocs\webmusholla\vendor\codeigniter4\framework\system\CodeIgniter.php(318): CodeIgniter\CodeIgniter->handleRequest(NULL, Object(Config\Cache), false)
#3 C:\xampp\htdocs\webmusholla\public\index.php(37): CodeIgniter\CodeIgniter->run()
#4 C:\xampp\htdocs\webmusholla\vendor\codeigniter4\framework\system\Commands\Server\rewrite.php(43): require_once('C:\\xampp\\htdocs...')
#5 {main}
CRITICAL - 2021-12-29 08:29:38 --> Undefined property: CodeIgniter\View\View::$KegiatanModel
#0 C:\xampp\htdocs\webmusholla\app\Views\admin\index.php(19): CodeIgniter\Debug\Exceptions->errorHandler(2, 'Undefined prope...', 'C:\\xampp\\htdocs...', 19)
#1 C:\xampp\htdocs\webmusholla\vendor\codeigniter4\framework\system\View\View.php(214): include('C:\\xampp\\htdocs...')
#2 C:\xampp\htdocs\webmusholla\vendor\codeigniter4\framework\system\View\View.php(217): CodeIgniter\View\View->CodeIgniter\View\{closure}()
#3 C:\xampp\htdocs\webmusholla\vendor\codeigniter4\framework\system\Common.php(1097): CodeIgniter\View\View->render('admin/index', Array, true)
#4 C:\xampp\htdocs\webmusholla\app\Controllers\Admin.php(20): view('admin/index', Array)
#5 C:\xampp\htdocs\webmusholla\vendor\codeigniter4\framework\system\CodeIgniter.php(824): App\Controllers\Admin->index()
#6 C:\xampp\htdocs\webmusholla\vendor\codeigniter4\framework\system\CodeIgniter.php(410): CodeIgniter\CodeIgniter->runController(Object(App\Controllers\Admin))
#7 C:\xampp\htdocs\webmusholla\vendor\codeigniter4\framework\system\CodeIgniter.php(318): CodeIgniter\CodeIgniter->handleRequest(NULL, Object(Config\Cache), false)
#8 C:\xampp\htdocs\webmusholla\public\index.php(37): CodeIgniter\CodeIgniter->run()
#9 C:\xampp\htdocs\webmusholla\vendor\codeigniter4\framework\system\Commands\Server\rewrite.php(43): require_once('C:\\xampp\\htdocs...')
#10 {main}
CRITICAL - 2021-12-29 08:29:59 --> Undefined property: CodeIgniter\View\View::$KegiatanModel
#0 C:\xampp\htdocs\webmusholla\app\Views\admin\index.php(19): CodeIgniter\Debug\Exceptions->errorHandler(2, 'Undefined prope...', 'C:\\xampp\\htdocs...', 19)
#1 C:\xampp\htdocs\webmusholla\vendor\codeigniter4\framework\system\View\View.php(214): include('C:\\xampp\\htdocs...')
#2 C:\xampp\htdocs\webmusholla\vendor\codeigniter4\framework\system\View\View.php(217): CodeIgniter\View\View->CodeIgniter\View\{closure}()
#3 C:\xampp\htdocs\webmusholla\vendor\codeigniter4\framework\system\Common.php(1097): CodeIgniter\View\View->render('admin/index', Array, true)
#4 C:\xampp\htdocs\webmusholla\app\Controllers\Admin.php(20): view('admin/index', Array)
#5 C:\xampp\htdocs\webmusholla\vendor\codeigniter4\framework\system\CodeIgniter.php(824): App\Controllers\Admin->index()
#6 C:\xampp\htdocs\webmusholla\vendor\codeigniter4\framework\system\CodeIgniter.php(410): CodeIgniter\CodeIgniter->runController(Object(App\Controllers\Admin))
#7 C:\xampp\htdocs\webmusholla\vendor\codeigniter4\framework\system\CodeIgniter.php(318): CodeIgniter\CodeIgniter->handleRequest(NULL, Object(Config\Cache), false)
#8 C:\xampp\htdocs\webmusholla\public\index.php(37): CodeIgniter\CodeIgniter->run()
#9 C:\xampp\htdocs\webmusholla\vendor\codeigniter4\framework\system\Commands\Server\rewrite.php(43): require_once('C:\\xampp\\htdocs...')
#10 {main}
CRITICAL - 2021-12-29 08:30:15 --> Undefined property: CodeIgniter\View\View::$kegiatanModel
#0 C:\xampp\htdocs\webmusholla\app\Views\admin\index.php(19): CodeIgniter\Debug\Exceptions->errorHandler(2, 'Undefined prope...', 'C:\\xampp\\htdocs...', 19)
#1 C:\xampp\htdocs\webmusholla\vendor\codeigniter4\framework\system\View\View.php(214): include('C:\\xampp\\htdocs...')
#2 C:\xampp\htdocs\webmusholla\vendor\codeigniter4\framework\system\View\View.php(217): CodeIgniter\View\View->CodeIgniter\View\{closure}()
#3 C:\xampp\htdocs\webmusholla\vendor\codeigniter4\framework\system\Common.php(1097): CodeIgniter\View\View->render('admin/index', Array, true)
#4 C:\xampp\htdocs\webmusholla\app\Controllers\Admin.php(20): view('admin/index', Array)
#5 C:\xampp\htdocs\webmusholla\vendor\codeigniter4\framework\system\CodeIgniter.php(824): App\Controllers\Admin->index()
#6 C:\xampp\htdocs\webmusholla\vendor\codeigniter4\framework\system\CodeIgniter.php(410): CodeIgniter\CodeIgniter->runController(Object(App\Controllers\Admin))
#7 C:\xampp\htdocs\webmusholla\vendor\codeigniter4\framework\system\CodeIgniter.php(318): CodeIgniter\CodeIgniter->handleRequest(NULL, Object(Config\Cache), false)
#8 C:\xampp\htdocs\webmusholla\public\index.php(37): CodeIgniter\CodeIgniter->run()
#9 C:\xampp\htdocs\webmusholla\vendor\codeigniter4\framework\system\Commands\Server\rewrite.php(43): require_once('C:\\xampp\\htdocs...')
#10 {main}
CRITICAL - 2021-12-29 08:31:46 --> Undefined property: CodeIgniter\View\View::$kegiatanModel
#0 C:\xampp\htdocs\webmusholla\app\Views\admin\index.php(19): CodeIgniter\Debug\Exceptions->errorHandler(2, 'Undefined prope...', 'C:\\xampp\\htdocs...', 19)
#1 C:\xampp\htdocs\webmusholla\vendor\codeigniter4\framework\system\View\View.php(214): include('C:\\xampp\\htdocs...')
#2 C:\xampp\htdocs\webmusholla\vendor\codeigniter4\framework\system\View\View.php(217): CodeIgniter\View\View->CodeIgniter\View\{closure}()
#3 C:\xampp\htdocs\webmusholla\vendor\codeigniter4\framework\system\Common.php(1097): CodeIgniter\View\View->render('admin/index', Array, true)
#4 C:\xampp\htdocs\webmusholla\app\Controllers\Admin.php(20): view('admin/index', Array)
#5 C:\xampp\htdocs\webmusholla\vendor\codeigniter4\framework\system\CodeIgniter.php(824): App\Controllers\Admin->index()
#6 C:\xampp\htdocs\webmusholla\vendor\codeigniter4\framework\system\CodeIgniter.php(410): CodeIgniter\CodeIgniter->runController(Object(App\Controllers\Admin))
#7 C:\xampp\htdocs\webmusholla\vendor\codeigniter4\framework\system\CodeIgniter.php(318): CodeIgniter\CodeIgniter->handleRequest(NULL, Object(Config\Cache), false)
#8 C:\xampp\htdocs\webmusholla\public\index.php(37): CodeIgniter\CodeIgniter->run()
#9 C:\xampp\htdocs\webmusholla\vendor\codeigniter4\framework\system\Commands\Server\rewrite.php(43): require_once('C:\\xampp\\htdocs...')
#10 {main}
CRITICAL - 2021-12-29 08:31:47 --> Undefined property: CodeIgniter\View\View::$kegiatanModel
#0 C:\xampp\htdocs\webmusholla\app\Views\admin\index.php(19): CodeIgniter\Debug\Exceptions->errorHandler(2, 'Undefined prope...', 'C:\\xampp\\htdocs...', 19)
#1 C:\xampp\htdocs\webmusholla\vendor\codeigniter4\framework\system\View\View.php(214): include('C:\\xampp\\htdocs...')
#2 C:\xampp\htdocs\webmusholla\vendor\codeigniter4\framework\system\View\View.php(217): CodeIgniter\View\View->CodeIgniter\View\{closure}()
#3 C:\xampp\htdocs\webmusholla\vendor\codeigniter4\framework\system\Common.php(1097): CodeIgniter\View\View->render('admin/index', Array, true)
#4 C:\xampp\htdocs\webmusholla\app\Controllers\Admin.php(20): view('admin/index', Array)
#5 C:\xampp\htdocs\webmusholla\vendor\codeigniter4\framework\system\CodeIgniter.php(824): App\Controllers\Admin->index()
#6 C:\xampp\htdocs\webmusholla\vendor\codeigniter4\framework\system\CodeIgniter.php(410): CodeIgniter\CodeIgniter->runController(Object(App\Controllers\Admin))
#7 C:\xampp\htdocs\webmusholla\vendor\codeigniter4\framework\system\CodeIgniter.php(318): CodeIgniter\CodeIgniter->handleRequest(NULL, Object(Config\Cache), false)
#8 C:\xampp\htdocs\webmusholla\public\index.php(37): CodeIgniter\CodeIgniter->run()
#9 C:\xampp\htdocs\webmusholla\vendor\codeigniter4\framework\system\Commands\Server\rewrite.php(43): require_once('C:\\xampp\\htdocs...')
#10 {main}
CRITICAL - 2021-12-29 08:32:54 --> Undefined property: CodeIgniter\View\View::$kegiatanModel
#0 C:\xampp\htdocs\webmusholla\app\Views\admin\index.php(19): CodeIgniter\Debug\Exceptions->errorHandler(2, 'Undefined prope...', 'C:\\xampp\\htdocs...', 19)
#1 C:\xampp\htdocs\webmusholla\vendor\codeigniter4\framework\system\View\View.php(214): include('C:\\xampp\\htdocs...')
#2 C:\xampp\htdocs\webmusholla\vendor\codeigniter4\framework\system\View\View.php(217): CodeIgniter\View\View->CodeIgniter\View\{closure}()
#3 C:\xampp\htdocs\webmusholla\vendor\codeigniter4\framework\system\Common.php(1097): CodeIgniter\View\View->render('admin/index', Array, true)
#4 C:\xampp\htdocs\webmusholla\app\Controllers\Admin.php(20): view('admin/index', Array)
#5 C:\xampp\htdocs\webmusholla\vendor\codeigniter4\framework\system\CodeIgniter.php(824): App\Controllers\Admin->index()
#6 C:\xampp\htdocs\webmusholla\vendor\codeigniter4\framework\system\CodeIgniter.php(410): CodeIgniter\CodeIgniter->runController(Object(App\Controllers\Admin))
#7 C:\xampp\htdocs\webmusholla\vendor\codeigniter4\framework\system\CodeIgniter.php(318): CodeIgniter\CodeIgniter->handleRequest(NULL, Object(Config\Cache), false)
#8 C:\xampp\htdocs\webmusholla\public\index.php(37): CodeIgniter\CodeIgniter->run()
#9 C:\xampp\htdocs\webmusholla\vendor\codeigniter4\framework\system\Commands\Server\rewrite.php(43): require_once('C:\\xampp\\htdocs...')
#10 {main}
CRITICAL - 2021-12-29 08:33:27 --> Undefined property: CodeIgniter\View\View::$KegiatanModel
#0 C:\xampp\htdocs\webmusholla\app\Views\admin\index.php(19): CodeIgniter\Debug\Exceptions->errorHandler(2, 'Undefined prope...', 'C:\\xampp\\htdocs...', 19)
#1 C:\xampp\htdocs\webmusholla\vendor\codeigniter4\framework\system\View\View.php(214): include('C:\\xampp\\htdocs...')
#2 C:\xampp\htdocs\webmusholla\vendor\codeigniter4\framework\system\View\View.php(217): CodeIgniter\View\View->CodeIgniter\View\{closure}()
#3 C:\xampp\htdocs\webmusholla\vendor\codeigniter4\framework\system\Common.php(1097): CodeIgniter\View\View->render('admin/index', Array, true)
#4 C:\xampp\htdocs\webmusholla\app\Controllers\Admin.php(20): view('admin/index', Array)
#5 C:\xampp\htdocs\webmusholla\vendor\codeigniter4\framework\system\CodeIgniter.php(824): App\Controllers\Admin->index()
#6 C:\xampp\htdocs\webmusholla\vendor\codeigniter4\framework\system\CodeIgniter.php(410): CodeIgniter\CodeIgniter->runController(Object(App\Controllers\Admin))
#7 C:\xampp\htdocs\webmusholla\vendor\codeigniter4\framework\system\CodeIgniter.php(318): CodeIgniter\CodeIgniter->handleRequest(NULL, Object(Config\Cache), false)
#8 C:\xampp\htdocs\webmusholla\public\index.php(37): CodeIgniter\CodeIgniter->run()
#9 C:\xampp\htdocs\webmusholla\vendor\codeigniter4\framework\system\Commands\Server\rewrite.php(43): require_once('C:\\xampp\\htdocs...')
#10 {main}
CRITICAL - 2021-12-29 08:34:26 --> Undefined property: CodeIgniter\View\View::$KegiatanModel
#0 C:\xampp\htdocs\webmusholla\app\Views\admin\index.php(19): CodeIgniter\Debug\Exceptions->errorHandler(2, 'Undefined prope...', 'C:\\xampp\\htdocs...', 19)
#1 C:\xampp\htdocs\webmusholla\vendor\codeigniter4\framework\system\View\View.php(214): include('C:\\xampp\\htdocs...')
#2 C:\xampp\htdocs\webmusholla\vendor\codeigniter4\framework\system\View\View.php(217): CodeIgniter\View\View->CodeIgniter\View\{closure}()
#3 C:\xampp\htdocs\webmusholla\vendor\codeigniter4\framework\system\Common.php(1097): CodeIgniter\View\View->render('admin/index', Array, true)
#4 C:\xampp\htdocs\webmusholla\app\Controllers\Admin.php(20): view('admin/index', Array)
#5 C:\xampp\htdocs\webmusholla\vendor\codeigniter4\framework\system\CodeIgniter.php(824): App\Controllers\Admin->index()
#6 C:\xampp\htdocs\webmusholla\vendor\codeigniter4\framework\system\CodeIgniter.php(410): CodeIgniter\CodeIgniter->runController(Object(App\Controllers\Admin))
#7 C:\xampp\htdocs\webmusholla\vendor\codeigniter4\framework\system\CodeIgniter.php(318): CodeIgniter\CodeIgniter->handleRequest(NULL, Object(Config\Cache), false)
#8 C:\xampp\htdocs\webmusholla\public\index.php(37): CodeIgniter\CodeIgniter->run()
#9 C:\xampp\htdocs\webmusholla\vendor\codeigniter4\framework\system\Commands\Server\rewrite.php(43): require_once('C:\\xampp\\htdocs...')
#10 {main}
CRITICAL - 2021-12-29 08:35:19 --> Undefined property: CodeIgniter\View\View::$KegiatanModel
#0 C:\xampp\htdocs\webmusholla\app\Views\admin\index.php(19): CodeIgniter\Debug\Exceptions->errorHandler(2, 'Undefined prope...', 'C:\\xampp\\htdocs...', 19)
#1 C:\xampp\htdocs\webmusholla\vendor\codeigniter4\framework\system\View\View.php(214): include('C:\\xampp\\htdocs...')
#2 C:\xampp\htdocs\webmusholla\vendor\codeigniter4\framework\system\View\View.php(217): CodeIgniter\View\View->CodeIgniter\View\{closure}()
#3 C:\xampp\htdocs\webmusholla\vendor\codeigniter4\framework\system\Common.php(1097): CodeIgniter\View\View->render('admin/index', Array, true)
#4 C:\xampp\htdocs\webmusholla\app\Controllers\Admin.php(20): view('admin/index', Array)
#5 C:\xampp\htdocs\webmusholla\vendor\codeigniter4\framework\system\CodeIgniter.php(824): App\Controllers\Admin->index()
#6 C:\xampp\htdocs\webmusholla\vendor\codeigniter4\framework\system\CodeIgniter.php(410): CodeIgniter\CodeIgniter->runController(Object(App\Controllers\Admin))
#7 C:\xampp\htdocs\webmusholla\vendor\codeigniter4\framework\system\CodeIgniter.php(318): CodeIgniter\CodeIgniter->handleRequest(NULL, Object(Config\Cache), false)
#8 C:\xampp\htdocs\webmusholla\public\index.php(37): CodeIgniter\CodeIgniter->run()
#9 C:\xampp\htdocs\webmusholla\vendor\codeigniter4\framework\system\Commands\Server\rewrite.php(43): require_once('C:\\xampp\\htdocs...')
#10 {main}
CRITICAL - 2021-12-29 08:38:38 --> Undefined property: CodeIgniter\View\View::$KegiatanModel
#0 C:\xampp\htdocs\webmusholla\app\Views\admin\index.php(20): CodeIgniter\Debug\Exceptions->errorHandler(2, 'Undefined prope...', 'C:\\xampp\\htdocs...', 20)
#1 C:\xampp\htdocs\webmusholla\vendor\codeigniter4\framework\system\View\View.php(214): include('C:\\xampp\\htdocs...')
#2 C:\xampp\htdocs\webmusholla\vendor\codeigniter4\framework\system\View\View.php(217): CodeIgniter\View\View->CodeIgniter\View\{closure}()
#3 C:\xampp\htdocs\webmusholla\vendor\codeigniter4\framework\system\Common.php(1097): CodeIgniter\View\View->render('admin/index', Array, true)
#4 C:\xampp\htdocs\webmusholla\app\Controllers\Admin.php(20): view('admin/index', Array)
#5 C:\xampp\htdocs\webmusholla\vendor\codeigniter4\framework\system\CodeIgniter.php(824): App\Controllers\Admin->index()
#6 C:\xampp\htdocs\webmusholla\vendor\codeigniter4\framework\system\CodeIgniter.php(410): CodeIgniter\CodeIgniter->runController(Object(App\Controllers\Admin))
#7 C:\xampp\htdocs\webmusholla\vendor\codeigniter4\framework\system\CodeIgniter.php(318): CodeIgniter\CodeIgniter->handleRequest(NULL, Object(Config\Cache), false)
#8 C:\xampp\htdocs\webmusholla\public\index.php(37): CodeIgniter\CodeIgniter->run()
#9 C:\xampp\htdocs\webmusholla\vendor\codeigniter4\framework\system\Commands\Server\rewrite.php(43): require_once('C:\\xampp\\htdocs...')
#10 {main}
CRITICAL - 2021-12-29 08:38:59 --> Undefined property: CodeIgniter\View\View::$kegiatanModel
#0 C:\xampp\htdocs\webmusholla\app\Views\admin\index.php(20): CodeIgniter\Debug\Exceptions->errorHandler(2, 'Undefined prope...', 'C:\\xampp\\htdocs...', 20)
#1 C:\xampp\htdocs\webmusholla\vendor\codeigniter4\framework\system\View\View.php(214): include('C:\\xampp\\htdocs...')
#2 C:\xampp\htdocs\webmusholla\vendor\codeigniter4\framework\system\View\View.php(217): CodeIgniter\View\View->CodeIgniter\View\{closure}()
#3 C:\xampp\htdocs\webmusholla\vendor\codeigniter4\framework\system\Common.php(1097): CodeIgniter\View\View->render('admin/index', Array, true)
#4 C:\xampp\htdocs\webmusholla\app\Controllers\Admin.php(20): view('admin/index', Array)
#5 C:\xampp\htdocs\webmusholla\vendor\codeigniter4\framework\system\CodeIgniter.php(824): App\Controllers\Admin->index()
#6 C:\xampp\htdocs\webmusholla\vendor\codeigniter4\framework\system\CodeIgniter.php(410): CodeIgniter\CodeIgniter->runController(Object(App\Controllers\Admin))
#7 C:\xampp\htdocs\webmusholla\vendor\codeigniter4\framework\system\CodeIgniter.php(318): CodeIgniter\CodeIgniter->handleRequest(NULL, Object(Config\Cache), false)
#8 C:\xampp\htdocs\webmusholla\public\index.php(37): CodeIgniter\CodeIgniter->run()
#9 C:\xampp\htdocs\webmusholla\vendor\codeigniter4\framework\system\Commands\Server\rewrite.php(43): require_once('C:\\xampp\\htdocs...')
#10 {main}
CRITICAL - 2021-12-29 08:39:09 --> Undefined property: CodeIgniter\View\View::$Kegiatan
#0 C:\xampp\htdocs\webmusholla\app\Views\admin\index.php(20): CodeIgniter\Debug\Exceptions->errorHandler(2, 'Undefined prope...', 'C:\\xampp\\htdocs...', 20)
#1 C:\xampp\htdocs\webmusholla\vendor\codeigniter4\framework\system\View\View.php(214): include('C:\\xampp\\htdocs...')
#2 C:\xampp\htdocs\webmusholla\vendor\codeigniter4\framework\system\View\View.php(217): CodeIgniter\View\View->CodeIgniter\View\{closure}()
#3 C:\xampp\htdocs\webmusholla\vendor\codeigniter4\framework\system\Common.php(1097): CodeIgniter\View\View->render('admin/index', Array, true)
#4 C:\xampp\htdocs\webmusholla\app\Controllers\Admin.php(20): view('admin/index', Array)
#5 C:\xampp\htdocs\webmusholla\vendor\codeigniter4\framework\system\CodeIgniter.php(824): App\Controllers\Admin->index()
#6 C:\xampp\htdocs\webmusholla\vendor\codeigniter4\framework\system\CodeIgniter.php(410): CodeIgniter\CodeIgniter->runController(Object(App\Controllers\Admin))
#7 C:\xampp\htdocs\webmusholla\vendor\codeigniter4\framework\system\CodeIgniter.php(318): CodeIgniter\CodeIgniter->handleRequest(NULL, Object(Config\Cache), false)
#8 C:\xampp\htdocs\webmusholla\public\index.php(37): CodeIgniter\CodeIgniter->run()
#9 C:\xampp\htdocs\webmusholla\vendor\codeigniter4\framework\system\Commands\Server\rewrite.php(43): require_once('C:\\xampp\\htdocs...')
#10 {main}
CRITICAL - 2021-12-29 08:39:16 --> Call to undefined method CodeIgniter\View\View::getKegiatanwhere()
#0 C:\xampp\htdocs\webmusholla\vendor\codeigniter4\framework\system\View\View.php(214): include()
#1 C:\xampp\htdocs\webmusholla\vendor\codeigniter4\framework\system\View\View.php(217): CodeIgniter\View\View->CodeIgniter\View\{closure}()
#2 C:\xampp\htdocs\webmusholla\vendor\codeigniter4\framework\system\Common.php(1097): CodeIgniter\View\View->render('admin/index', Array, true)
#3 C:\xampp\htdocs\webmusholla\app\Controllers\Admin.php(20): view('admin/index', Array)
#4 C:\xampp\htdocs\webmusholla\vendor\codeigniter4\framework\system\CodeIgniter.php(824): App\Controllers\Admin->index()
#5 C:\xampp\htdocs\webmusholla\vendor\codeigniter4\framework\system\CodeIgniter.php(410): CodeIgniter\CodeIgniter->runController(Object(App\Controllers\Admin))
#6 C:\xampp\htdocs\webmusholla\vendor\codeigniter4\framework\system\CodeIgniter.php(318): CodeIgniter\CodeIgniter->handleRequest(NULL, Object(Config\Cache), false)
#7 C:\xampp\htdocs\webmusholla\public\index.php(37): CodeIgniter\CodeIgniter->run()
#8 C:\xampp\htdocs\webmusholla\vendor\codeigniter4\framework\system\Commands\Server\rewrite.php(43): require_once('C:\\xampp\\htdocs...')
#9 {main}
